slurmstepd: error: execve(): export: No such file or directory
srun: error: gpu-nc01: task 0: Exited with exit code 2
slurmstepd: error: execve(): set: No such file or directory
srun: error: gpu-nc01: task 0: Exited with exit code 2
2018-07-17 07:55:14.850211: I tensorflow/core/platform/cpu_feature_guard.cc:137] Your CPU supports instructions that this TensorFlow binary was not compiled to use: SSE4.1 SSE4.2 AVX AVX2 FMA
/usr/local/miniconda/lib/python3.6/site-packages/h5py/__init__.py:36: FutureWarning: Conversion of the second argument of issubdtype from `float` to `np.floating` is deprecated. In future, it will be treated as `np.float64 == np.dtype(float).type`.
  from ._conv import register_converters as _register_converters
/users/thesepizenberg/jdesverg/DeepLab/venv/lib/python3.6/site-packages/tensorflow/python/framework/tensor_util.py:539: DeprecationWarning: The binary mode of fromstring is deprecated, as it behaves surprisingly on unicode inputs. Use frombuffer instead
  return np.fromstring(tensor.tensor_content, dtype=dtype).reshape(shape)
/users/thesepizenberg/jdesverg/DeepLab/venv/lib/python3.6/site-packages/tensorflow/python/util/tf_inspect.py:45: DeprecationWarning: inspect.getargspec() is deprecated, use inspect.signature() or inspect.getfullargspec()
  if d.decorator_argspec is not None), _inspect.getargspec(target))
.....
----------------------------------------------------------------------
Ran 5 tests in 15.625s

OK
--2018-07-17 09:55:31--  http://download.tensorflow.org/models/deeplabv3_pascal_train_aug_2018_01_04.tar.gz
Résolution de download.tensorflow.org (download.tensorflow.org)... 172.217.19.48, 2a00:1450:4006:805::2010
Connexion vers download.tensorflow.org (download.tensorflow.org)|172.217.19.48|:80...connecté.
requête HTTP transmise, en attente de la réponse...416 Requested range not satisfiable

    Le fichier a déjà été complètement récupéré; rien à faire.

/usr/local/miniconda/lib/python3.6/site-packages/h5py/__init__.py:36: FutureWarning: Conversion of the second argument of issubdtype from `float` to `np.floating` is deprecated. In future, it will be treated as `np.float64 == np.dtype(float).type`.
  from ._conv import register_converters as _register_converters
INFO:tensorflow:Training on trainval set
WARNING:tensorflow:From /users/thesepizenberg/jdesverg/DeepLab/venv/lib/python3.6/site-packages/tensorflow/python/ops/losses/losses_impl.py:691: softmax_cross_entropy_with_logits (from tensorflow.python.ops.nn_ops) is deprecated and will be removed in a future version.
Instructions for updating:

Future major versions of TensorFlow will allow gradients to flow
into the labels input on backprop by default.

See tf.nn.softmax_cross_entropy_with_logits_v2.

INFO:tensorflow:Initializing model from path: /users/thesepizenberg/jdesverg/DeepLab/models/research/deeplab/datasets/pascal_voc_seg/init_models/deeplabv3_pascal_train_aug/model.ckpt
WARNING:tensorflow:From /users/thesepizenberg/jdesverg/DeepLab/venv/lib/python3.6/site-packages/tensorflow/contrib/slim/python/slim/learning.py:736: Supervisor.__init__ (from tensorflow.python.training.supervisor) is deprecated and will be removed in a future version.
Instructions for updating:
Please switch to tf.train.MonitoredTrainingSession
2018-07-17 07:55:59.384260: I tensorflow/core/platform/cpu_feature_guard.cc:137] Your CPU supports instructions that this TensorFlow binary was not compiled to use: SSE4.1 SSE4.2 AVX AVX2 FMA
INFO:tensorflow:Restoring parameters from /users/thesepizenberg/jdesverg/DeepLab/models/research/deeplab/datasets/pascal_voc_seg/init_models/deeplabv3_pascal_train_aug/model.ckpt
INFO:tensorflow:Starting Session.
INFO:tensorflow:Saving checkpoint to path /users/thesepizenberg/jdesverg/DeepLab/models/research/deeplab/datasets/pascal_voc_seg/exp/train_on_trainval_set/train/model.ckpt
INFO:tensorflow:Starting Queues.
INFO:tensorflow:global_step/sec: 0
INFO:tensorflow:Recording summary at step 0.
INFO:tensorflow:global_step/sec: 0.0133757
INFO:tensorflow:Recording summary at step 9.
INFO:tensorflow:global step 10: loss = 0.3163 (75.399 sec/step)
INFO:tensorflow:Saving checkpoint to path /users/thesepizenberg/jdesverg/DeepLab/models/research/deeplab/datasets/pascal_voc_seg/exp/train_on_trainval_set/train/model.ckpt
INFO:tensorflow:global_step/sec: 0.016667
INFO:tensorflow:Recording summary at step 18.
INFO:tensorflow:global step 20: loss = 4.2588 (63.300 sec/step)
INFO:tensorflow:global_step/sec: 0.0150005
INFO:tensorflow:Recording summary at step 27.
INFO:tensorflow:global step 30: loss = 0.3798 (63.396 sec/step)
INFO:tensorflow:Saving checkpoint to path /users/thesepizenberg/jdesverg/DeepLab/models/research/deeplab/datasets/pascal_voc_seg/exp/train_on_trainval_set/train/model.ckpt
INFO:tensorflow:global_step/sec: 0.0149995
INFO:tensorflow:Recording summary at step 36.
INFO:tensorflow:global step 40: loss = 0.1792 (63.584 sec/step)
INFO:tensorflow:global_step/sec: 0.0150004
INFO:tensorflow:Recording summary at step 45.
INFO:tensorflow:global step 50: loss = 0.2773 (60.764 sec/step)
INFO:tensorflow:Saving checkpoint to path /users/thesepizenberg/jdesverg/DeepLab/models/research/deeplab/datasets/pascal_voc_seg/exp/train_on_trainval_set/train/model.ckpt
INFO:tensorflow:global_step/sec: 0.0166654
INFO:tensorflow:Recording summary at step 55.
INFO:tensorflow:global step 60: loss = 1.0861 (55.821 sec/step)
INFO:tensorflow:global_step/sec: 0.0183353
INFO:tensorflow:Recording summary at step 66.
INFO:tensorflow:global step 70: loss = 0.2273 (59.013 sec/step)
INFO:tensorflow:Saving checkpoint to path /users/thesepizenberg/jdesverg/DeepLab/models/research/deeplab/datasets/pascal_voc_seg/exp/train_on_trainval_set/train/model.ckpt
INFO:tensorflow:global_step/sec: 0.0149986
INFO:tensorflow:Recording summary at step 76.
INFO:tensorflow:global step 80: loss = 0.1720 (60.733 sec/step)
INFO:tensorflow:global_step/sec: 0.0166681
INFO:tensorflow:Recording summary at step 85.
INFO:tensorflow:global step 90: loss = 0.3149 (61.421 sec/step)
INFO:tensorflow:Saving checkpoint to path /users/thesepizenberg/jdesverg/DeepLab/models/research/deeplab/datasets/pascal_voc_seg/exp/train_on_trainval_set/train/model.ckpt
INFO:tensorflow:Recording summary at step 95.
INFO:tensorflow:global step 100: loss = 1.7525 (62.373 sec/step)
INFO:tensorflow:Recording summary at step 104.
INFO:tensorflow:global step 110: loss = 0.2794 (62.260 sec/step)
INFO:tensorflow:Saving checkpoint to path /users/thesepizenberg/jdesverg/DeepLab/models/research/deeplab/datasets/pascal_voc_seg/exp/train_on_trainval_set/train/model.ckpt
INFO:tensorflow:Recording summary at step 113.
INFO:tensorflow:global step 120: loss = 0.6578 (62.324 sec/step)
INFO:tensorflow:Recording summary at step 123.
INFO:tensorflow:global step 130: loss = 0.3626 (62.450 sec/step)
INFO:tensorflow:Saving checkpoint to path /users/thesepizenberg/jdesverg/DeepLab/models/research/deeplab/datasets/pascal_voc_seg/exp/train_on_trainval_set/train/model.ckpt
INFO:tensorflow:Recording summary at step 132.
INFO:tensorflow:global step 140: loss = 0.2123 (62.349 sec/step)
INFO:tensorflow:Recording summary at step 141.
INFO:tensorflow:global step 150: loss = 0.1836 (62.221 sec/step)
INFO:tensorflow:Saving checkpoint to path /users/thesepizenberg/jdesverg/DeepLab/models/research/deeplab/datasets/pascal_voc_seg/exp/train_on_trainval_set/train/model.ckpt
INFO:tensorflow:Recording summary at step 151.
INFO:tensorflow:global step 160: loss = 0.2639 (62.742 sec/step)
INFO:tensorflow:Recording summary at step 160.
INFO:tensorflow:Saving checkpoint to path /users/thesepizenberg/jdesverg/DeepLab/models/research/deeplab/datasets/pascal_voc_seg/exp/train_on_trainval_set/train/model.ckpt
INFO:tensorflow:Recording summary at step 169.
INFO:tensorflow:global step 170: loss = 0.6110 (78.039 sec/step)
INFO:tensorflow:global step 180: loss = 0.4712 (53.867 sec/step)
INFO:tensorflow:Recording summary at step 180.
INFO:tensorflow:global step 190: loss = 0.3260 (55.697 sec/step)
INFO:tensorflow:Saving checkpoint to path /users/thesepizenberg/jdesverg/DeepLab/models/research/deeplab/datasets/pascal_voc_seg/exp/train_on_trainval_set/train/model.ckpt
INFO:tensorflow:Recording summary at step 191.
INFO:tensorflow:global step 200: loss = 0.4467 (59.461 sec/step)
INFO:tensorflow:Recording summary at step 201.
INFO:tensorflow:global step 210: loss = 0.2120 (60.537 sec/step)
INFO:tensorflow:Saving checkpoint to path /users/thesepizenberg/jdesverg/DeepLab/models/research/deeplab/datasets/pascal_voc_seg/exp/train_on_trainval_set/train/model.ckpt
INFO:tensorflow:Recording summary at step 210.
INFO:tensorflow:global step 220: loss = 0.2758 (62.362 sec/step)
INFO:tensorflow:Recording summary at step 220.
INFO:tensorflow:Saving checkpoint to path /users/thesepizenberg/jdesverg/DeepLab/models/research/deeplab/datasets/pascal_voc_seg/exp/train_on_trainval_set/train/model.ckpt
INFO:tensorflow:Recording summary at step 229.
INFO:tensorflow:global step 230: loss = 1.0445 (80.260 sec/step)
INFO:tensorflow:Recording summary at step 239.
INFO:tensorflow:global step 240: loss = 0.4545 (64.266 sec/step)
INFO:tensorflow:Saving checkpoint to path /users/thesepizenberg/jdesverg/DeepLab/models/research/deeplab/datasets/pascal_voc_seg/exp/train_on_trainval_set/train/model.ckpt
INFO:tensorflow:Recording summary at step 248.
INFO:tensorflow:global step 250: loss = 0.2010 (62.073 sec/step)
INFO:tensorflow:Recording summary at step 257.
INFO:tensorflow:global step 260: loss = 0.1905 (62.114 sec/step)
INFO:tensorflow:Saving checkpoint to path /users/thesepizenberg/jdesverg/DeepLab/models/research/deeplab/datasets/pascal_voc_seg/exp/train_on_trainval_set/train/model.ckpt
INFO:tensorflow:Recording summary at step 267.
INFO:tensorflow:global step 270: loss = 0.4110 (62.012 sec/step)
INFO:tensorflow:Recording summary at step 276.
INFO:tensorflow:global step 280: loss = 0.1978 (62.213 sec/step)
INFO:tensorflow:Saving checkpoint to path /users/thesepizenberg/jdesverg/DeepLab/models/research/deeplab/datasets/pascal_voc_seg/exp/train_on_trainval_set/train/model.ckpt
INFO:tensorflow:Recording summary at step 285.
INFO:tensorflow:global step 290: loss = 0.5003 (61.791 sec/step)
INFO:tensorflow:Recording summary at step 295.
INFO:tensorflow:global step 300: loss = 0.3183 (54.416 sec/step)
INFO:tensorflow:Saving checkpoint to path /users/thesepizenberg/jdesverg/DeepLab/models/research/deeplab/datasets/pascal_voc_seg/exp/train_on_trainval_set/train/model.ckpt
INFO:tensorflow:Recording summary at step 305.
INFO:tensorflow:global step 310: loss = 0.1858 (55.639 sec/step)
INFO:tensorflow:Recording summary at step 316.
INFO:tensorflow:global step 320: loss = 0.2210 (56.694 sec/step)
INFO:tensorflow:Saving checkpoint to path /users/thesepizenberg/jdesverg/DeepLab/models/research/deeplab/datasets/pascal_voc_seg/exp/train_on_trainval_set/train/model.ckpt
INFO:tensorflow:Recording summary at step 326.
INFO:tensorflow:global step 330: loss = 0.2208 (61.446 sec/step)
INFO:tensorflow:Recording summary at step 335.
INFO:tensorflow:global step 340: loss = 0.8320 (62.084 sec/step)
INFO:tensorflow:Saving checkpoint to path /users/thesepizenberg/jdesverg/DeepLab/models/research/deeplab/datasets/pascal_voc_seg/exp/train_on_trainval_set/train/model.ckpt
INFO:tensorflow:Recording summary at step 345.
INFO:tensorflow:global step 350: loss = 0.3249 (62.342 sec/step)
INFO:tensorflow:Recording summary at step 354.
INFO:tensorflow:global step 360: loss = 0.2756 (62.541 sec/step)
INFO:tensorflow:Saving checkpoint to path /users/thesepizenberg/jdesverg/DeepLab/models/research/deeplab/datasets/pascal_voc_seg/exp/train_on_trainval_set/train/model.ckpt
INFO:tensorflow:Recording summary at step 363.
INFO:tensorflow:global step 370: loss = 0.3683 (61.592 sec/step)
INFO:tensorflow:Recording summary at step 373.
INFO:tensorflow:global step 380: loss = 0.4266 (62.218 sec/step)
INFO:tensorflow:Saving checkpoint to path /users/thesepizenberg/jdesverg/DeepLab/models/research/deeplab/datasets/pascal_voc_seg/exp/train_on_trainval_set/train/model.ckpt
INFO:tensorflow:Recording summary at step 382.
INFO:tensorflow:global step 390: loss = 0.2402 (62.193 sec/step)
INFO:tensorflow:Recording summary at step 391.
INFO:tensorflow:global step 400: loss = 0.1886 (54.465 sec/step)
INFO:tensorflow:Saving checkpoint to path /users/thesepizenberg/jdesverg/DeepLab/models/research/deeplab/datasets/pascal_voc_seg/exp/train_on_trainval_set/train/model.ckpt
INFO:tensorflow:Recording summary at step 402.
INFO:tensorflow:global step 410: loss = 0.5918 (56.867 sec/step)
INFO:tensorflow:Recording summary at step 413.
INFO:tensorflow:global step 420: loss = 0.2205 (59.643 sec/step)
INFO:tensorflow:Saving checkpoint to path /users/thesepizenberg/jdesverg/DeepLab/models/research/deeplab/datasets/pascal_voc_seg/exp/train_on_trainval_set/train/model.ckpt
INFO:tensorflow:Recording summary at step 422.
INFO:tensorflow:global step 430: loss = 0.8759 (60.838 sec/step)
INFO:tensorflow:Recording summary at step 432.
INFO:tensorflow:global step 440: loss = 0.3169 (61.596 sec/step)
INFO:tensorflow:Saving checkpoint to path /users/thesepizenberg/jdesverg/DeepLab/models/research/deeplab/datasets/pascal_voc_seg/exp/train_on_trainval_set/train/model.ckpt
INFO:tensorflow:Recording summary at step 442.
INFO:tensorflow:global step 450: loss = 0.4495 (61.695 sec/step)
INFO:tensorflow:Recording summary at step 451.
INFO:tensorflow:global step 460: loss = 0.4709 (61.723 sec/step)
INFO:tensorflow:Saving checkpoint to path /users/thesepizenberg/jdesverg/DeepLab/models/research/deeplab/datasets/pascal_voc_seg/exp/train_on_trainval_set/train/model.ckpt
INFO:tensorflow:Recording summary at step 460.
INFO:tensorflow:global step 470: loss = 0.2746 (61.466 sec/step)
INFO:tensorflow:Recording summary at step 470.
INFO:tensorflow:Saving checkpoint to path /users/thesepizenberg/jdesverg/DeepLab/models/research/deeplab/datasets/pascal_voc_seg/exp/train_on_trainval_set/train/model.ckpt
INFO:tensorflow:Recording summary at step 479.
INFO:tensorflow:global step 480: loss = 0.7937 (80.798 sec/step)
INFO:tensorflow:Recording summary at step 489.
INFO:tensorflow:global step 490: loss = 0.8666 (72.501 sec/step)
INFO:tensorflow:Saving checkpoint to path /users/thesepizenberg/jdesverg/DeepLab/models/research/deeplab/datasets/pascal_voc_seg/exp/train_on_trainval_set/train/model.ckpt
INFO:tensorflow:Recording summary at step 498.
INFO:tensorflow:global step 500: loss = 0.2200 (62.219 sec/step)
INFO:tensorflow:Stopping Training.
INFO:tensorflow:Finished training! Saving model to disk.
/usr/local/miniconda/lib/python3.6/site-packages/h5py/__init__.py:36: FutureWarning: Conversion of the second argument of issubdtype from `float` to `np.floating` is deprecated. In future, it will be treated as `np.float64 == np.dtype(float).type`.
  from ._conv import register_converters as _register_converters
INFO:tensorflow:Evaluating on val set
INFO:tensorflow:Performing single-scale test.
INFO:tensorflow:Eval num images 1449
INFO:tensorflow:Eval batch size 1 and num batch 1449
INFO:tensorflow:Waiting for new checkpoint at /users/thesepizenberg/jdesverg/DeepLab/models/research/deeplab/datasets/pascal_voc_seg/exp/train_on_trainval_set/train
INFO:tensorflow:Found new checkpoint at /users/thesepizenberg/jdesverg/DeepLab/models/research/deeplab/datasets/pascal_voc_seg/exp/train_on_trainval_set/train/model.ckpt-500
WARNING:tensorflow:From /users/thesepizenberg/jdesverg/DeepLab/venv/lib/python3.6/site-packages/tensorflow/contrib/training/python/training/evaluation.py:303: get_or_create_global_step (from tensorflow.contrib.framework.python.ops.variables) is deprecated and will be removed in a future version.
Instructions for updating:
Please switch to tf.train.get_or_create_global_step
2018-07-17 16:39:05.960713: I tensorflow/core/platform/cpu_feature_guard.cc:137] Your CPU supports instructions that this TensorFlow binary was not compiled to use: SSE4.1 SSE4.2 AVX AVX2 FMA
INFO:tensorflow:Restoring parameters from /users/thesepizenberg/jdesverg/DeepLab/models/research/deeplab/datasets/pascal_voc_seg/exp/train_on_trainval_set/train/model.ckpt-500
INFO:tensorflow:Starting evaluation at 2018-07-17-16:39:09
INFO:tensorflow:Evaluation [144/1449]
INFO:tensorflow:Evaluation [288/1449]
INFO:tensorflow:Evaluation [432/1449]
INFO:tensorflow:Evaluation [576/1449]
INFO:tensorflow:Evaluation [720/1449]
INFO:tensorflow:Evaluation [864/1449]
INFO:tensorflow:Evaluation [1008/1449]
INFO:tensorflow:Evaluation [1152/1449]
INFO:tensorflow:Evaluation [1296/1449]
INFO:tensorflow:Evaluation [1440/1449]
INFO:tensorflow:Evaluation [1449/1449]
INFO:tensorflow:Finished evaluation at 2018-07-17-18:08:54
miou_1.0[0.812696099]
/usr/local/miniconda/lib/python3.6/site-packages/h5py/__init__.py:36: FutureWarning: Conversion of the second argument of issubdtype from `float` to `np.floating` is deprecated. In future, it will be treated as `np.float64 == np.dtype(float).type`.
  from ._conv import register_converters as _register_converters
INFO:tensorflow:Visualizing on val set
INFO:tensorflow:Performing single-scale test.
WARNING:tensorflow:From /users/thesepizenberg/jdesverg/DeepLab/models/research/deeplab/vis.py:275: Supervisor.__init__ (from tensorflow.python.training.supervisor) is deprecated and will be removed in a future version.
Instructions for updating:
Please switch to tf.train.MonitoredTrainingSession
INFO:tensorflow:Waiting for new checkpoint at /users/thesepizenberg/jdesverg/DeepLab/models/research/deeplab/datasets/pascal_voc_seg/exp/train_on_trainval_set/train
INFO:tensorflow:Found new checkpoint at /users/thesepizenberg/jdesverg/DeepLab/models/research/deeplab/datasets/pascal_voc_seg/exp/train_on_trainval_set/train/model.ckpt-500
INFO:tensorflow:Starting visualization at 2018-07-17-18:09:05
INFO:tensorflow:Visualizing with model /users/thesepizenberg/jdesverg/DeepLab/models/research/deeplab/datasets/pascal_voc_seg/exp/train_on_trainval_set/train/model.ckpt-500
2018-07-17 18:09:05.282630: I tensorflow/core/platform/cpu_feature_guard.cc:137] Your CPU supports instructions that this TensorFlow binary was not compiled to use: SSE4.1 SSE4.2 AVX AVX2 FMA
INFO:tensorflow:Restoring parameters from /users/thesepizenberg/jdesverg/DeepLab/models/research/deeplab/datasets/pascal_voc_seg/exp/train_on_trainval_set/train/model.ckpt-500
INFO:tensorflow:Visualizing batch 1 / 1449
INFO:tensorflow:Visualizing batch 2 / 1449
INFO:tensorflow:Visualizing batch 3 / 1449
INFO:tensorflow:Visualizing batch 4 / 1449
INFO:tensorflow:Visualizing batch 5 / 1449
INFO:tensorflow:Visualizing batch 6 / 1449
INFO:tensorflow:Visualizing batch 7 / 1449
INFO:tensorflow:Visualizing batch 8 / 1449
INFO:tensorflow:Visualizing batch 9 / 1449
INFO:tensorflow:Visualizing batch 10 / 1449
INFO:tensorflow:Visualizing batch 11 / 1449
INFO:tensorflow:Visualizing batch 12 / 1449
INFO:tensorflow:Visualizing batch 13 / 1449
INFO:tensorflow:Visualizing batch 14 / 1449
INFO:tensorflow:Visualizing batch 15 / 1449
INFO:tensorflow:Visualizing batch 16 / 1449
INFO:tensorflow:Visualizing batch 17 / 1449
INFO:tensorflow:Visualizing batch 18 / 1449
INFO:tensorflow:Visualizing batch 19 / 1449
INFO:tensorflow:Visualizing batch 20 / 1449
INFO:tensorflow:Visualizing batch 21 / 1449
INFO:tensorflow:Visualizing batch 22 / 1449
INFO:tensorflow:Visualizing batch 23 / 1449
INFO:tensorflow:Visualizing batch 24 / 1449
INFO:tensorflow:Visualizing batch 25 / 1449
INFO:tensorflow:Visualizing batch 26 / 1449
INFO:tensorflow:Visualizing batch 27 / 1449
INFO:tensorflow:Visualizing batch 28 / 1449
INFO:tensorflow:Visualizing batch 29 / 1449
INFO:tensorflow:Visualizing batch 30 / 1449
INFO:tensorflow:Visualizing batch 31 / 1449
INFO:tensorflow:Visualizing batch 32 / 1449
INFO:tensorflow:Visualizing batch 33 / 1449
INFO:tensorflow:Visualizing batch 34 / 1449
INFO:tensorflow:Visualizing batch 35 / 1449
INFO:tensorflow:Visualizing batch 36 / 1449
INFO:tensorflow:Visualizing batch 37 / 1449
INFO:tensorflow:Visualizing batch 38 / 1449
INFO:tensorflow:Visualizing batch 39 / 1449
INFO:tensorflow:Visualizing batch 40 / 1449
INFO:tensorflow:Visualizing batch 41 / 1449
INFO:tensorflow:Visualizing batch 42 / 1449
INFO:tensorflow:Visualizing batch 43 / 1449
INFO:tensorflow:Visualizing batch 44 / 1449
INFO:tensorflow:Visualizing batch 45 / 1449
INFO:tensorflow:Visualizing batch 46 / 1449
INFO:tensorflow:Visualizing batch 47 / 1449
INFO:tensorflow:Visualizing batch 48 / 1449
INFO:tensorflow:Visualizing batch 49 / 1449
INFO:tensorflow:Visualizing batch 50 / 1449
INFO:tensorflow:Visualizing batch 51 / 1449
INFO:tensorflow:Visualizing batch 52 / 1449
INFO:tensorflow:Visualizing batch 53 / 1449
INFO:tensorflow:Visualizing batch 54 / 1449
INFO:tensorflow:Visualizing batch 55 / 1449
INFO:tensorflow:Visualizing batch 56 / 1449
INFO:tensorflow:Visualizing batch 57 / 1449
INFO:tensorflow:Visualizing batch 58 / 1449
INFO:tensorflow:Visualizing batch 59 / 1449
INFO:tensorflow:Visualizing batch 60 / 1449
INFO:tensorflow:Visualizing batch 61 / 1449
INFO:tensorflow:Visualizing batch 62 / 1449
INFO:tensorflow:Visualizing batch 63 / 1449
INFO:tensorflow:Visualizing batch 64 / 1449
INFO:tensorflow:Visualizing batch 65 / 1449
INFO:tensorflow:Visualizing batch 66 / 1449
INFO:tensorflow:Visualizing batch 67 / 1449
INFO:tensorflow:Visualizing batch 68 / 1449
INFO:tensorflow:Visualizing batch 69 / 1449
INFO:tensorflow:Visualizing batch 70 / 1449
INFO:tensorflow:Visualizing batch 71 / 1449
INFO:tensorflow:Visualizing batch 72 / 1449
INFO:tensorflow:Visualizing batch 73 / 1449
INFO:tensorflow:Visualizing batch 74 / 1449
INFO:tensorflow:Visualizing batch 75 / 1449
INFO:tensorflow:Visualizing batch 76 / 1449
INFO:tensorflow:Visualizing batch 77 / 1449
INFO:tensorflow:Visualizing batch 78 / 1449
INFO:tensorflow:Visualizing batch 79 / 1449
INFO:tensorflow:Visualizing batch 80 / 1449
INFO:tensorflow:Visualizing batch 81 / 1449
INFO:tensorflow:Visualizing batch 82 / 1449
INFO:tensorflow:Visualizing batch 83 / 1449
INFO:tensorflow:Visualizing batch 84 / 1449
INFO:tensorflow:Visualizing batch 85 / 1449
INFO:tensorflow:Visualizing batch 86 / 1449
INFO:tensorflow:Visualizing batch 87 / 1449
INFO:tensorflow:Visualizing batch 88 / 1449
INFO:tensorflow:Visualizing batch 89 / 1449
INFO:tensorflow:Visualizing batch 90 / 1449
INFO:tensorflow:Visualizing batch 91 / 1449
INFO:tensorflow:Visualizing batch 92 / 1449
INFO:tensorflow:Visualizing batch 93 / 1449
INFO:tensorflow:Visualizing batch 94 / 1449
INFO:tensorflow:Visualizing batch 95 / 1449
INFO:tensorflow:Visualizing batch 96 / 1449
INFO:tensorflow:Visualizing batch 97 / 1449
INFO:tensorflow:Visualizing batch 98 / 1449
INFO:tensorflow:Visualizing batch 99 / 1449
INFO:tensorflow:Visualizing batch 100 / 1449
INFO:tensorflow:Visualizing batch 101 / 1449
INFO:tensorflow:Visualizing batch 102 / 1449
INFO:tensorflow:Visualizing batch 103 / 1449
INFO:tensorflow:Visualizing batch 104 / 1449
INFO:tensorflow:Visualizing batch 105 / 1449
INFO:tensorflow:Visualizing batch 106 / 1449
INFO:tensorflow:Visualizing batch 107 / 1449
INFO:tensorflow:Visualizing batch 108 / 1449
INFO:tensorflow:Visualizing batch 109 / 1449
INFO:tensorflow:Visualizing batch 110 / 1449
INFO:tensorflow:Visualizing batch 111 / 1449
INFO:tensorflow:Visualizing batch 112 / 1449
INFO:tensorflow:Visualizing batch 113 / 1449
INFO:tensorflow:Visualizing batch 114 / 1449
INFO:tensorflow:Visualizing batch 115 / 1449
INFO:tensorflow:Visualizing batch 116 / 1449
INFO:tensorflow:Visualizing batch 117 / 1449
INFO:tensorflow:Visualizing batch 118 / 1449
INFO:tensorflow:Visualizing batch 119 / 1449
INFO:tensorflow:Visualizing batch 120 / 1449
INFO:tensorflow:Visualizing batch 121 / 1449
INFO:tensorflow:Visualizing batch 122 / 1449
INFO:tensorflow:Visualizing batch 123 / 1449
INFO:tensorflow:Visualizing batch 124 / 1449
INFO:tensorflow:Visualizing batch 125 / 1449
INFO:tensorflow:Visualizing batch 126 / 1449
INFO:tensorflow:Visualizing batch 127 / 1449
INFO:tensorflow:Visualizing batch 128 / 1449
INFO:tensorflow:Visualizing batch 129 / 1449
INFO:tensorflow:Visualizing batch 130 / 1449
INFO:tensorflow:Visualizing batch 131 / 1449
INFO:tensorflow:Visualizing batch 132 / 1449
INFO:tensorflow:Visualizing batch 133 / 1449
INFO:tensorflow:Visualizing batch 134 / 1449
INFO:tensorflow:Visualizing batch 135 / 1449
INFO:tensorflow:Visualizing batch 136 / 1449
INFO:tensorflow:Visualizing batch 137 / 1449
INFO:tensorflow:Visualizing batch 138 / 1449
INFO:tensorflow:Visualizing batch 139 / 1449
INFO:tensorflow:Visualizing batch 140 / 1449
INFO:tensorflow:Visualizing batch 141 / 1449
INFO:tensorflow:Visualizing batch 142 / 1449
INFO:tensorflow:Visualizing batch 143 / 1449
INFO:tensorflow:Visualizing batch 144 / 1449
INFO:tensorflow:Visualizing batch 145 / 1449
INFO:tensorflow:Visualizing batch 146 / 1449
INFO:tensorflow:Visualizing batch 147 / 1449
INFO:tensorflow:Visualizing batch 148 / 1449
INFO:tensorflow:Visualizing batch 149 / 1449
INFO:tensorflow:Visualizing batch 150 / 1449
INFO:tensorflow:Visualizing batch 151 / 1449
INFO:tensorflow:Visualizing batch 152 / 1449
INFO:tensorflow:Visualizing batch 153 / 1449
INFO:tensorflow:Visualizing batch 154 / 1449
INFO:tensorflow:Visualizing batch 155 / 1449
INFO:tensorflow:Visualizing batch 156 / 1449
INFO:tensorflow:Visualizing batch 157 / 1449
INFO:tensorflow:Visualizing batch 158 / 1449
INFO:tensorflow:Visualizing batch 159 / 1449
INFO:tensorflow:Visualizing batch 160 / 1449
INFO:tensorflow:Visualizing batch 161 / 1449
INFO:tensorflow:Visualizing batch 162 / 1449
INFO:tensorflow:Visualizing batch 163 / 1449
INFO:tensorflow:Visualizing batch 164 / 1449
INFO:tensorflow:Visualizing batch 165 / 1449
INFO:tensorflow:Visualizing batch 166 / 1449
INFO:tensorflow:Visualizing batch 167 / 1449
INFO:tensorflow:Visualizing batch 168 / 1449
INFO:tensorflow:Visualizing batch 169 / 1449
INFO:tensorflow:Visualizing batch 170 / 1449
INFO:tensorflow:Visualizing batch 171 / 1449
INFO:tensorflow:Visualizing batch 172 / 1449
INFO:tensorflow:Visualizing batch 173 / 1449
INFO:tensorflow:Visualizing batch 174 / 1449
INFO:tensorflow:Visualizing batch 175 / 1449
INFO:tensorflow:Visualizing batch 176 / 1449
INFO:tensorflow:Visualizing batch 177 / 1449
INFO:tensorflow:Visualizing batch 178 / 1449
INFO:tensorflow:Visualizing batch 179 / 1449
INFO:tensorflow:Visualizing batch 180 / 1449
INFO:tensorflow:Visualizing batch 181 / 1449
INFO:tensorflow:Visualizing batch 182 / 1449
INFO:tensorflow:Visualizing batch 183 / 1449
INFO:tensorflow:Visualizing batch 184 / 1449
INFO:tensorflow:Visualizing batch 185 / 1449
INFO:tensorflow:Visualizing batch 186 / 1449
INFO:tensorflow:Visualizing batch 187 / 1449
INFO:tensorflow:Visualizing batch 188 / 1449
INFO:tensorflow:Visualizing batch 189 / 1449
INFO:tensorflow:Visualizing batch 190 / 1449
INFO:tensorflow:Visualizing batch 191 / 1449
INFO:tensorflow:Visualizing batch 192 / 1449
INFO:tensorflow:Visualizing batch 193 / 1449
INFO:tensorflow:Visualizing batch 194 / 1449
INFO:tensorflow:Visualizing batch 195 / 1449
INFO:tensorflow:Visualizing batch 196 / 1449
INFO:tensorflow:Visualizing batch 197 / 1449
INFO:tensorflow:Visualizing batch 198 / 1449
INFO:tensorflow:Visualizing batch 199 / 1449
INFO:tensorflow:Visualizing batch 200 / 1449
INFO:tensorflow:Visualizing batch 201 / 1449
INFO:tensorflow:Visualizing batch 202 / 1449
INFO:tensorflow:Visualizing batch 203 / 1449
INFO:tensorflow:Visualizing batch 204 / 1449
INFO:tensorflow:Visualizing batch 205 / 1449
INFO:tensorflow:Visualizing batch 206 / 1449
INFO:tensorflow:Visualizing batch 207 / 1449
INFO:tensorflow:Visualizing batch 208 / 1449
INFO:tensorflow:Visualizing batch 209 / 1449
INFO:tensorflow:Visualizing batch 210 / 1449
INFO:tensorflow:Visualizing batch 211 / 1449
INFO:tensorflow:Visualizing batch 212 / 1449
INFO:tensorflow:Visualizing batch 213 / 1449
INFO:tensorflow:Visualizing batch 214 / 1449
INFO:tensorflow:Visualizing batch 215 / 1449
INFO:tensorflow:Visualizing batch 216 / 1449
INFO:tensorflow:Visualizing batch 217 / 1449
INFO:tensorflow:Visualizing batch 218 / 1449
INFO:tensorflow:Visualizing batch 219 / 1449
INFO:tensorflow:Visualizing batch 220 / 1449
INFO:tensorflow:Visualizing batch 221 / 1449
INFO:tensorflow:Visualizing batch 222 / 1449
INFO:tensorflow:Visualizing batch 223 / 1449
INFO:tensorflow:Visualizing batch 224 / 1449
INFO:tensorflow:Visualizing batch 225 / 1449
INFO:tensorflow:Visualizing batch 226 / 1449
INFO:tensorflow:Visualizing batch 227 / 1449
INFO:tensorflow:Visualizing batch 228 / 1449
INFO:tensorflow:Visualizing batch 229 / 1449
INFO:tensorflow:Visualizing batch 230 / 1449
INFO:tensorflow:Visualizing batch 231 / 1449
INFO:tensorflow:Visualizing batch 232 / 1449
INFO:tensorflow:Visualizing batch 233 / 1449
INFO:tensorflow:Visualizing batch 234 / 1449
INFO:tensorflow:Visualizing batch 235 / 1449
INFO:tensorflow:Visualizing batch 236 / 1449
INFO:tensorflow:Visualizing batch 237 / 1449
INFO:tensorflow:Visualizing batch 238 / 1449
INFO:tensorflow:Visualizing batch 239 / 1449
INFO:tensorflow:Visualizing batch 240 / 1449
INFO:tensorflow:Visualizing batch 241 / 1449
INFO:tensorflow:Visualizing batch 242 / 1449
INFO:tensorflow:Visualizing batch 243 / 1449
INFO:tensorflow:Visualizing batch 244 / 1449
INFO:tensorflow:Visualizing batch 245 / 1449
INFO:tensorflow:Visualizing batch 246 / 1449
INFO:tensorflow:Visualizing batch 247 / 1449
INFO:tensorflow:Visualizing batch 248 / 1449
INFO:tensorflow:Visualizing batch 249 / 1449
INFO:tensorflow:Visualizing batch 250 / 1449
INFO:tensorflow:Visualizing batch 251 / 1449
INFO:tensorflow:Visualizing batch 252 / 1449
INFO:tensorflow:Visualizing batch 253 / 1449
INFO:tensorflow:Visualizing batch 254 / 1449
INFO:tensorflow:Visualizing batch 255 / 1449
INFO:tensorflow:Visualizing batch 256 / 1449
INFO:tensorflow:Visualizing batch 257 / 1449
INFO:tensorflow:Visualizing batch 258 / 1449
INFO:tensorflow:Visualizing batch 259 / 1449
INFO:tensorflow:Visualizing batch 260 / 1449
INFO:tensorflow:Visualizing batch 261 / 1449
INFO:tensorflow:Visualizing batch 262 / 1449
INFO:tensorflow:Visualizing batch 263 / 1449
INFO:tensorflow:Visualizing batch 264 / 1449
INFO:tensorflow:Visualizing batch 265 / 1449
INFO:tensorflow:Visualizing batch 266 / 1449
INFO:tensorflow:Visualizing batch 267 / 1449
INFO:tensorflow:Visualizing batch 268 / 1449
INFO:tensorflow:Visualizing batch 269 / 1449
INFO:tensorflow:Visualizing batch 270 / 1449
INFO:tensorflow:Visualizing batch 271 / 1449
INFO:tensorflow:Visualizing batch 272 / 1449
INFO:tensorflow:Visualizing batch 273 / 1449
INFO:tensorflow:Visualizing batch 274 / 1449
INFO:tensorflow:Visualizing batch 275 / 1449
INFO:tensorflow:Visualizing batch 276 / 1449
INFO:tensorflow:Visualizing batch 277 / 1449
INFO:tensorflow:Visualizing batch 278 / 1449
INFO:tensorflow:Visualizing batch 279 / 1449
INFO:tensorflow:Visualizing batch 280 / 1449
INFO:tensorflow:Visualizing batch 281 / 1449
INFO:tensorflow:Visualizing batch 282 / 1449
INFO:tensorflow:Visualizing batch 283 / 1449
INFO:tensorflow:Visualizing batch 284 / 1449
INFO:tensorflow:Visualizing batch 285 / 1449
INFO:tensorflow:Visualizing batch 286 / 1449
INFO:tensorflow:Visualizing batch 287 / 1449
INFO:tensorflow:Visualizing batch 288 / 1449
INFO:tensorflow:Visualizing batch 289 / 1449
INFO:tensorflow:Visualizing batch 290 / 1449
INFO:tensorflow:Visualizing batch 291 / 1449
INFO:tensorflow:Visualizing batch 292 / 1449
INFO:tensorflow:Visualizing batch 293 / 1449
INFO:tensorflow:Visualizing batch 294 / 1449
INFO:tensorflow:Visualizing batch 295 / 1449
INFO:tensorflow:Visualizing batch 296 / 1449
INFO:tensorflow:Visualizing batch 297 / 1449
INFO:tensorflow:Visualizing batch 298 / 1449
INFO:tensorflow:Visualizing batch 299 / 1449
INFO:tensorflow:Visualizing batch 300 / 1449
INFO:tensorflow:Visualizing batch 301 / 1449
INFO:tensorflow:Visualizing batch 302 / 1449
INFO:tensorflow:Visualizing batch 303 / 1449
INFO:tensorflow:Visualizing batch 304 / 1449
INFO:tensorflow:Visualizing batch 305 / 1449
INFO:tensorflow:Visualizing batch 306 / 1449
INFO:tensorflow:Visualizing batch 307 / 1449
INFO:tensorflow:Visualizing batch 308 / 1449
INFO:tensorflow:Visualizing batch 309 / 1449
INFO:tensorflow:Visualizing batch 310 / 1449
INFO:tensorflow:Visualizing batch 311 / 1449
INFO:tensorflow:Visualizing batch 312 / 1449
INFO:tensorflow:Visualizing batch 313 / 1449
INFO:tensorflow:Visualizing batch 314 / 1449
INFO:tensorflow:Visualizing batch 315 / 1449
INFO:tensorflow:Visualizing batch 316 / 1449
INFO:tensorflow:Visualizing batch 317 / 1449
INFO:tensorflow:Visualizing batch 318 / 1449
INFO:tensorflow:Visualizing batch 319 / 1449
INFO:tensorflow:Visualizing batch 320 / 1449
INFO:tensorflow:Visualizing batch 321 / 1449
INFO:tensorflow:Visualizing batch 322 / 1449
INFO:tensorflow:Visualizing batch 323 / 1449
INFO:tensorflow:Visualizing batch 324 / 1449
INFO:tensorflow:Visualizing batch 325 / 1449
INFO:tensorflow:Visualizing batch 326 / 1449
INFO:tensorflow:Visualizing batch 327 / 1449
INFO:tensorflow:Visualizing batch 328 / 1449
INFO:tensorflow:Visualizing batch 329 / 1449
INFO:tensorflow:Visualizing batch 330 / 1449
INFO:tensorflow:Visualizing batch 331 / 1449
INFO:tensorflow:Visualizing batch 332 / 1449
INFO:tensorflow:Visualizing batch 333 / 1449
INFO:tensorflow:Visualizing batch 334 / 1449
INFO:tensorflow:Visualizing batch 335 / 1449
INFO:tensorflow:Visualizing batch 336 / 1449
INFO:tensorflow:Visualizing batch 337 / 1449
INFO:tensorflow:Visualizing batch 338 / 1449
INFO:tensorflow:Visualizing batch 339 / 1449
INFO:tensorflow:Visualizing batch 340 / 1449
INFO:tensorflow:Visualizing batch 341 / 1449
INFO:tensorflow:Visualizing batch 342 / 1449
INFO:tensorflow:Visualizing batch 343 / 1449
INFO:tensorflow:Visualizing batch 344 / 1449
INFO:tensorflow:Visualizing batch 345 / 1449
INFO:tensorflow:Visualizing batch 346 / 1449
INFO:tensorflow:Visualizing batch 347 / 1449
INFO:tensorflow:Visualizing batch 348 / 1449
INFO:tensorflow:Visualizing batch 349 / 1449
INFO:tensorflow:Visualizing batch 350 / 1449
INFO:tensorflow:Visualizing batch 351 / 1449
INFO:tensorflow:Visualizing batch 352 / 1449
INFO:tensorflow:Visualizing batch 353 / 1449
INFO:tensorflow:Visualizing batch 354 / 1449
INFO:tensorflow:Visualizing batch 355 / 1449
INFO:tensorflow:Visualizing batch 356 / 1449
INFO:tensorflow:Visualizing batch 357 / 1449
INFO:tensorflow:Visualizing batch 358 / 1449
INFO:tensorflow:Visualizing batch 359 / 1449
INFO:tensorflow:Visualizing batch 360 / 1449
INFO:tensorflow:Visualizing batch 361 / 1449
INFO:tensorflow:Visualizing batch 362 / 1449
INFO:tensorflow:Visualizing batch 363 / 1449
INFO:tensorflow:Visualizing batch 364 / 1449
INFO:tensorflow:Visualizing batch 365 / 1449
INFO:tensorflow:Visualizing batch 366 / 1449
INFO:tensorflow:Visualizing batch 367 / 1449
INFO:tensorflow:Visualizing batch 368 / 1449
INFO:tensorflow:Visualizing batch 369 / 1449
INFO:tensorflow:Visualizing batch 370 / 1449
INFO:tensorflow:Visualizing batch 371 / 1449
INFO:tensorflow:Visualizing batch 372 / 1449
INFO:tensorflow:Visualizing batch 373 / 1449
INFO:tensorflow:Visualizing batch 374 / 1449
INFO:tensorflow:Visualizing batch 375 / 1449
INFO:tensorflow:Visualizing batch 376 / 1449
INFO:tensorflow:Visualizing batch 377 / 1449
INFO:tensorflow:Visualizing batch 378 / 1449
INFO:tensorflow:Visualizing batch 379 / 1449
INFO:tensorflow:Visualizing batch 380 / 1449
INFO:tensorflow:Visualizing batch 381 / 1449
INFO:tensorflow:Visualizing batch 382 / 1449
INFO:tensorflow:Visualizing batch 383 / 1449
INFO:tensorflow:Visualizing batch 384 / 1449
INFO:tensorflow:Visualizing batch 385 / 1449
INFO:tensorflow:Visualizing batch 386 / 1449
INFO:tensorflow:Visualizing batch 387 / 1449
INFO:tensorflow:Visualizing batch 388 / 1449
INFO:tensorflow:Visualizing batch 389 / 1449
INFO:tensorflow:Visualizing batch 390 / 1449
INFO:tensorflow:Visualizing batch 391 / 1449
INFO:tensorflow:Visualizing batch 392 / 1449
INFO:tensorflow:Visualizing batch 393 / 1449
INFO:tensorflow:Visualizing batch 394 / 1449
INFO:tensorflow:Visualizing batch 395 / 1449
INFO:tensorflow:Visualizing batch 396 / 1449
INFO:tensorflow:Visualizing batch 397 / 1449
INFO:tensorflow:Visualizing batch 398 / 1449
INFO:tensorflow:Visualizing batch 399 / 1449
INFO:tensorflow:Visualizing batch 400 / 1449
INFO:tensorflow:Visualizing batch 401 / 1449
INFO:tensorflow:Visualizing batch 402 / 1449
INFO:tensorflow:Visualizing batch 403 / 1449
INFO:tensorflow:Visualizing batch 404 / 1449
INFO:tensorflow:Visualizing batch 405 / 1449
INFO:tensorflow:Visualizing batch 406 / 1449
INFO:tensorflow:Visualizing batch 407 / 1449
INFO:tensorflow:Visualizing batch 408 / 1449
INFO:tensorflow:Visualizing batch 409 / 1449
INFO:tensorflow:Visualizing batch 410 / 1449
INFO:tensorflow:Visualizing batch 411 / 1449
INFO:tensorflow:Visualizing batch 412 / 1449
INFO:tensorflow:Visualizing batch 413 / 1449
INFO:tensorflow:Visualizing batch 414 / 1449
INFO:tensorflow:Visualizing batch 415 / 1449
INFO:tensorflow:Visualizing batch 416 / 1449
INFO:tensorflow:Visualizing batch 417 / 1449
INFO:tensorflow:Visualizing batch 418 / 1449
INFO:tensorflow:Visualizing batch 419 / 1449
INFO:tensorflow:Visualizing batch 420 / 1449
INFO:tensorflow:Visualizing batch 421 / 1449
INFO:tensorflow:Visualizing batch 422 / 1449
INFO:tensorflow:Visualizing batch 423 / 1449
INFO:tensorflow:Visualizing batch 424 / 1449
INFO:tensorflow:Visualizing batch 425 / 1449
INFO:tensorflow:Visualizing batch 426 / 1449
INFO:tensorflow:Visualizing batch 427 / 1449
INFO:tensorflow:Visualizing batch 428 / 1449
INFO:tensorflow:Visualizing batch 429 / 1449
INFO:tensorflow:Visualizing batch 430 / 1449
INFO:tensorflow:Visualizing batch 431 / 1449
INFO:tensorflow:Visualizing batch 432 / 1449
INFO:tensorflow:Visualizing batch 433 / 1449
INFO:tensorflow:Visualizing batch 434 / 1449
INFO:tensorflow:Visualizing batch 435 / 1449
INFO:tensorflow:Visualizing batch 436 / 1449
INFO:tensorflow:Visualizing batch 437 / 1449
INFO:tensorflow:Visualizing batch 438 / 1449
INFO:tensorflow:Visualizing batch 439 / 1449
INFO:tensorflow:Visualizing batch 440 / 1449
INFO:tensorflow:Visualizing batch 441 / 1449
INFO:tensorflow:Visualizing batch 442 / 1449
INFO:tensorflow:Visualizing batch 443 / 1449
INFO:tensorflow:Visualizing batch 444 / 1449
INFO:tensorflow:Visualizing batch 445 / 1449
INFO:tensorflow:Visualizing batch 446 / 1449
INFO:tensorflow:Visualizing batch 447 / 1449
INFO:tensorflow:Visualizing batch 448 / 1449
INFO:tensorflow:Visualizing batch 449 / 1449
INFO:tensorflow:Visualizing batch 450 / 1449
INFO:tensorflow:Visualizing batch 451 / 1449
INFO:tensorflow:Visualizing batch 452 / 1449
INFO:tensorflow:Visualizing batch 453 / 1449
INFO:tensorflow:Visualizing batch 454 / 1449
INFO:tensorflow:Visualizing batch 455 / 1449
INFO:tensorflow:Visualizing batch 456 / 1449
INFO:tensorflow:Visualizing batch 457 / 1449
INFO:tensorflow:Visualizing batch 458 / 1449
INFO:tensorflow:Visualizing batch 459 / 1449
INFO:tensorflow:Visualizing batch 460 / 1449
INFO:tensorflow:Visualizing batch 461 / 1449
INFO:tensorflow:Visualizing batch 462 / 1449
INFO:tensorflow:Visualizing batch 463 / 1449
INFO:tensorflow:Visualizing batch 464 / 1449
INFO:tensorflow:Visualizing batch 465 / 1449
INFO:tensorflow:Visualizing batch 466 / 1449
INFO:tensorflow:Visualizing batch 467 / 1449
INFO:tensorflow:Visualizing batch 468 / 1449
INFO:tensorflow:Visualizing batch 469 / 1449
INFO:tensorflow:Visualizing batch 470 / 1449
INFO:tensorflow:Visualizing batch 471 / 1449
INFO:tensorflow:Visualizing batch 472 / 1449
INFO:tensorflow:Visualizing batch 473 / 1449
INFO:tensorflow:Visualizing batch 474 / 1449
INFO:tensorflow:Visualizing batch 475 / 1449
INFO:tensorflow:Visualizing batch 476 / 1449
INFO:tensorflow:Visualizing batch 477 / 1449
INFO:tensorflow:Visualizing batch 478 / 1449
INFO:tensorflow:Visualizing batch 479 / 1449
INFO:tensorflow:Visualizing batch 480 / 1449
INFO:tensorflow:Visualizing batch 481 / 1449
INFO:tensorflow:Visualizing batch 482 / 1449
INFO:tensorflow:Visualizing batch 483 / 1449
INFO:tensorflow:Visualizing batch 484 / 1449
INFO:tensorflow:Visualizing batch 485 / 1449
INFO:tensorflow:Visualizing batch 486 / 1449
INFO:tensorflow:Visualizing batch 487 / 1449
INFO:tensorflow:Visualizing batch 488 / 1449
INFO:tensorflow:Visualizing batch 489 / 1449
INFO:tensorflow:Visualizing batch 490 / 1449
INFO:tensorflow:Visualizing batch 491 / 1449
INFO:tensorflow:Visualizing batch 492 / 1449
INFO:tensorflow:Visualizing batch 493 / 1449
INFO:tensorflow:Visualizing batch 494 / 1449
INFO:tensorflow:Visualizing batch 495 / 1449
INFO:tensorflow:Visualizing batch 496 / 1449
INFO:tensorflow:Visualizing batch 497 / 1449
INFO:tensorflow:Visualizing batch 498 / 1449
INFO:tensorflow:Visualizing batch 499 / 1449
INFO:tensorflow:Visualizing batch 500 / 1449
INFO:tensorflow:Visualizing batch 501 / 1449
INFO:tensorflow:Visualizing batch 502 / 1449
INFO:tensorflow:Visualizing batch 503 / 1449
INFO:tensorflow:Visualizing batch 504 / 1449
INFO:tensorflow:Visualizing batch 505 / 1449
INFO:tensorflow:Visualizing batch 506 / 1449
INFO:tensorflow:Visualizing batch 507 / 1449
INFO:tensorflow:Visualizing batch 508 / 1449
INFO:tensorflow:Visualizing batch 509 / 1449
INFO:tensorflow:Visualizing batch 510 / 1449
INFO:tensorflow:Visualizing batch 511 / 1449
INFO:tensorflow:Visualizing batch 512 / 1449
INFO:tensorflow:Visualizing batch 513 / 1449
INFO:tensorflow:Visualizing batch 514 / 1449
INFO:tensorflow:Visualizing batch 515 / 1449
INFO:tensorflow:Visualizing batch 516 / 1449
INFO:tensorflow:Visualizing batch 517 / 1449
INFO:tensorflow:Visualizing batch 518 / 1449
INFO:tensorflow:Visualizing batch 519 / 1449
INFO:tensorflow:Visualizing batch 520 / 1449
INFO:tensorflow:Visualizing batch 521 / 1449
INFO:tensorflow:Visualizing batch 522 / 1449
INFO:tensorflow:Visualizing batch 523 / 1449
INFO:tensorflow:Visualizing batch 524 / 1449
INFO:tensorflow:Visualizing batch 525 / 1449
INFO:tensorflow:Visualizing batch 526 / 1449
INFO:tensorflow:Visualizing batch 527 / 1449
INFO:tensorflow:Visualizing batch 528 / 1449
INFO:tensorflow:Visualizing batch 529 / 1449
INFO:tensorflow:Visualizing batch 530 / 1449
INFO:tensorflow:Visualizing batch 531 / 1449
INFO:tensorflow:Visualizing batch 532 / 1449
INFO:tensorflow:Visualizing batch 533 / 1449
INFO:tensorflow:Visualizing batch 534 / 1449
INFO:tensorflow:Visualizing batch 535 / 1449
INFO:tensorflow:Visualizing batch 536 / 1449
INFO:tensorflow:Visualizing batch 537 / 1449
INFO:tensorflow:Visualizing batch 538 / 1449
INFO:tensorflow:Visualizing batch 539 / 1449
INFO:tensorflow:Visualizing batch 540 / 1449
INFO:tensorflow:Visualizing batch 541 / 1449
INFO:tensorflow:Visualizing batch 542 / 1449
INFO:tensorflow:Visualizing batch 543 / 1449
INFO:tensorflow:Visualizing batch 544 / 1449
INFO:tensorflow:Visualizing batch 545 / 1449
INFO:tensorflow:Visualizing batch 546 / 1449
INFO:tensorflow:Visualizing batch 547 / 1449
INFO:tensorflow:Visualizing batch 548 / 1449
INFO:tensorflow:Visualizing batch 549 / 1449
INFO:tensorflow:Visualizing batch 550 / 1449
INFO:tensorflow:Visualizing batch 551 / 1449
INFO:tensorflow:Visualizing batch 552 / 1449
INFO:tensorflow:Visualizing batch 553 / 1449
INFO:tensorflow:Visualizing batch 554 / 1449
INFO:tensorflow:Visualizing batch 555 / 1449
INFO:tensorflow:Visualizing batch 556 / 1449
INFO:tensorflow:Visualizing batch 557 / 1449
INFO:tensorflow:Visualizing batch 558 / 1449
INFO:tensorflow:Visualizing batch 559 / 1449
INFO:tensorflow:Visualizing batch 560 / 1449
INFO:tensorflow:Visualizing batch 561 / 1449
INFO:tensorflow:Visualizing batch 562 / 1449
INFO:tensorflow:Visualizing batch 563 / 1449
INFO:tensorflow:Visualizing batch 564 / 1449
INFO:tensorflow:Visualizing batch 565 / 1449
INFO:tensorflow:Visualizing batch 566 / 1449
INFO:tensorflow:Visualizing batch 567 / 1449
INFO:tensorflow:Visualizing batch 568 / 1449
INFO:tensorflow:Visualizing batch 569 / 1449
INFO:tensorflow:Visualizing batch 570 / 1449
INFO:tensorflow:Visualizing batch 571 / 1449
INFO:tensorflow:Visualizing batch 572 / 1449
INFO:tensorflow:Visualizing batch 573 / 1449
INFO:tensorflow:Visualizing batch 574 / 1449
INFO:tensorflow:Visualizing batch 575 / 1449
INFO:tensorflow:Visualizing batch 576 / 1449
INFO:tensorflow:Visualizing batch 577 / 1449
INFO:tensorflow:Visualizing batch 578 / 1449
INFO:tensorflow:Visualizing batch 579 / 1449
INFO:tensorflow:Visualizing batch 580 / 1449
INFO:tensorflow:Visualizing batch 581 / 1449
INFO:tensorflow:Visualizing batch 582 / 1449
INFO:tensorflow:Visualizing batch 583 / 1449
INFO:tensorflow:Visualizing batch 584 / 1449
INFO:tensorflow:Visualizing batch 585 / 1449
INFO:tensorflow:Visualizing batch 586 / 1449
INFO:tensorflow:Visualizing batch 587 / 1449
INFO:tensorflow:Visualizing batch 588 / 1449
INFO:tensorflow:Visualizing batch 589 / 1449
INFO:tensorflow:Visualizing batch 590 / 1449
INFO:tensorflow:Visualizing batch 591 / 1449
INFO:tensorflow:Visualizing batch 592 / 1449
INFO:tensorflow:Visualizing batch 593 / 1449
INFO:tensorflow:Visualizing batch 594 / 1449
INFO:tensorflow:Visualizing batch 595 / 1449
INFO:tensorflow:Visualizing batch 596 / 1449
INFO:tensorflow:Visualizing batch 597 / 1449
INFO:tensorflow:Visualizing batch 598 / 1449
INFO:tensorflow:Visualizing batch 599 / 1449
INFO:tensorflow:Visualizing batch 600 / 1449
INFO:tensorflow:Visualizing batch 601 / 1449
INFO:tensorflow:Visualizing batch 602 / 1449
INFO:tensorflow:Visualizing batch 603 / 1449
INFO:tensorflow:Visualizing batch 604 / 1449
INFO:tensorflow:Visualizing batch 605 / 1449
INFO:tensorflow:Visualizing batch 606 / 1449
INFO:tensorflow:Visualizing batch 607 / 1449
INFO:tensorflow:Visualizing batch 608 / 1449
INFO:tensorflow:Visualizing batch 609 / 1449
INFO:tensorflow:Visualizing batch 610 / 1449
INFO:tensorflow:Visualizing batch 611 / 1449
INFO:tensorflow:Visualizing batch 612 / 1449
INFO:tensorflow:Visualizing batch 613 / 1449
INFO:tensorflow:Visualizing batch 614 / 1449
INFO:tensorflow:Visualizing batch 615 / 1449
INFO:tensorflow:Visualizing batch 616 / 1449
INFO:tensorflow:Visualizing batch 617 / 1449
INFO:tensorflow:Visualizing batch 618 / 1449
INFO:tensorflow:Visualizing batch 619 / 1449
INFO:tensorflow:Visualizing batch 620 / 1449
INFO:tensorflow:Visualizing batch 621 / 1449
INFO:tensorflow:Visualizing batch 622 / 1449
INFO:tensorflow:Visualizing batch 623 / 1449
INFO:tensorflow:Visualizing batch 624 / 1449
INFO:tensorflow:Visualizing batch 625 / 1449
INFO:tensorflow:Visualizing batch 626 / 1449
INFO:tensorflow:Visualizing batch 627 / 1449
INFO:tensorflow:Visualizing batch 628 / 1449
INFO:tensorflow:Visualizing batch 629 / 1449
INFO:tensorflow:Visualizing batch 630 / 1449
INFO:tensorflow:Visualizing batch 631 / 1449
INFO:tensorflow:Visualizing batch 632 / 1449
INFO:tensorflow:Visualizing batch 633 / 1449
INFO:tensorflow:Visualizing batch 634 / 1449
INFO:tensorflow:Visualizing batch 635 / 1449
INFO:tensorflow:Visualizing batch 636 / 1449
INFO:tensorflow:Visualizing batch 637 / 1449
INFO:tensorflow:Visualizing batch 638 / 1449
INFO:tensorflow:Visualizing batch 639 / 1449
INFO:tensorflow:Visualizing batch 640 / 1449
INFO:tensorflow:Visualizing batch 641 / 1449
INFO:tensorflow:Visualizing batch 642 / 1449
INFO:tensorflow:Visualizing batch 643 / 1449
INFO:tensorflow:Visualizing batch 644 / 1449
INFO:tensorflow:Visualizing batch 645 / 1449
INFO:tensorflow:Visualizing batch 646 / 1449
INFO:tensorflow:Visualizing batch 647 / 1449
INFO:tensorflow:Visualizing batch 648 / 1449
INFO:tensorflow:Visualizing batch 649 / 1449
INFO:tensorflow:Visualizing batch 650 / 1449
INFO:tensorflow:Visualizing batch 651 / 1449
INFO:tensorflow:Visualizing batch 652 / 1449
INFO:tensorflow:Visualizing batch 653 / 1449
INFO:tensorflow:Visualizing batch 654 / 1449
INFO:tensorflow:Visualizing batch 655 / 1449
INFO:tensorflow:Visualizing batch 656 / 1449
INFO:tensorflow:Visualizing batch 657 / 1449
INFO:tensorflow:Visualizing batch 658 / 1449
INFO:tensorflow:Visualizing batch 659 / 1449
INFO:tensorflow:Visualizing batch 660 / 1449
INFO:tensorflow:Visualizing batch 661 / 1449
INFO:tensorflow:Visualizing batch 662 / 1449
INFO:tensorflow:Visualizing batch 663 / 1449
INFO:tensorflow:Visualizing batch 664 / 1449
INFO:tensorflow:Visualizing batch 665 / 1449
INFO:tensorflow:Visualizing batch 666 / 1449
INFO:tensorflow:Visualizing batch 667 / 1449
INFO:tensorflow:Visualizing batch 668 / 1449
INFO:tensorflow:Visualizing batch 669 / 1449
INFO:tensorflow:Visualizing batch 670 / 1449
INFO:tensorflow:Visualizing batch 671 / 1449
INFO:tensorflow:Visualizing batch 672 / 1449
INFO:tensorflow:Visualizing batch 673 / 1449
INFO:tensorflow:Visualizing batch 674 / 1449
INFO:tensorflow:Visualizing batch 675 / 1449
INFO:tensorflow:Visualizing batch 676 / 1449
INFO:tensorflow:Visualizing batch 677 / 1449
INFO:tensorflow:Visualizing batch 678 / 1449
INFO:tensorflow:Visualizing batch 679 / 1449
INFO:tensorflow:Visualizing batch 680 / 1449
INFO:tensorflow:Visualizing batch 681 / 1449
INFO:tensorflow:Visualizing batch 682 / 1449
INFO:tensorflow:Visualizing batch 683 / 1449
INFO:tensorflow:Visualizing batch 684 / 1449
INFO:tensorflow:Visualizing batch 685 / 1449
INFO:tensorflow:Visualizing batch 686 / 1449
INFO:tensorflow:Visualizing batch 687 / 1449
INFO:tensorflow:Visualizing batch 688 / 1449
INFO:tensorflow:Visualizing batch 689 / 1449
INFO:tensorflow:Visualizing batch 690 / 1449
INFO:tensorflow:Visualizing batch 691 / 1449
INFO:tensorflow:Visualizing batch 692 / 1449
INFO:tensorflow:Visualizing batch 693 / 1449
INFO:tensorflow:Visualizing batch 694 / 1449
INFO:tensorflow:Visualizing batch 695 / 1449
INFO:tensorflow:Visualizing batch 696 / 1449
INFO:tensorflow:Visualizing batch 697 / 1449
INFO:tensorflow:Visualizing batch 698 / 1449
INFO:tensorflow:Visualizing batch 699 / 1449
INFO:tensorflow:Visualizing batch 700 / 1449
INFO:tensorflow:Visualizing batch 701 / 1449
INFO:tensorflow:Visualizing batch 702 / 1449
INFO:tensorflow:Visualizing batch 703 / 1449
INFO:tensorflow:Visualizing batch 704 / 1449
INFO:tensorflow:Visualizing batch 705 / 1449
INFO:tensorflow:Visualizing batch 706 / 1449
INFO:tensorflow:Visualizing batch 707 / 1449
INFO:tensorflow:Visualizing batch 708 / 1449
INFO:tensorflow:Visualizing batch 709 / 1449
INFO:tensorflow:Visualizing batch 710 / 1449
INFO:tensorflow:Visualizing batch 711 / 1449
INFO:tensorflow:Visualizing batch 712 / 1449
INFO:tensorflow:Visualizing batch 713 / 1449
INFO:tensorflow:Visualizing batch 714 / 1449
INFO:tensorflow:Visualizing batch 715 / 1449
INFO:tensorflow:Visualizing batch 716 / 1449
INFO:tensorflow:Visualizing batch 717 / 1449
INFO:tensorflow:Visualizing batch 718 / 1449
INFO:tensorflow:Visualizing batch 719 / 1449
INFO:tensorflow:Visualizing batch 720 / 1449
INFO:tensorflow:Visualizing batch 721 / 1449
INFO:tensorflow:Visualizing batch 722 / 1449
INFO:tensorflow:Visualizing batch 723 / 1449
INFO:tensorflow:Visualizing batch 724 / 1449
INFO:tensorflow:Visualizing batch 725 / 1449
INFO:tensorflow:Visualizing batch 726 / 1449
INFO:tensorflow:Visualizing batch 727 / 1449
INFO:tensorflow:Visualizing batch 728 / 1449
INFO:tensorflow:Visualizing batch 729 / 1449
INFO:tensorflow:Visualizing batch 730 / 1449
INFO:tensorflow:Visualizing batch 731 / 1449
INFO:tensorflow:Visualizing batch 732 / 1449
INFO:tensorflow:Visualizing batch 733 / 1449
INFO:tensorflow:Visualizing batch 734 / 1449
INFO:tensorflow:Visualizing batch 735 / 1449
INFO:tensorflow:Visualizing batch 736 / 1449
INFO:tensorflow:Visualizing batch 737 / 1449
INFO:tensorflow:Visualizing batch 738 / 1449
INFO:tensorflow:Visualizing batch 739 / 1449
INFO:tensorflow:Visualizing batch 740 / 1449
INFO:tensorflow:Visualizing batch 741 / 1449
INFO:tensorflow:Visualizing batch 742 / 1449
INFO:tensorflow:Visualizing batch 743 / 1449
INFO:tensorflow:Visualizing batch 744 / 1449
INFO:tensorflow:Visualizing batch 745 / 1449
INFO:tensorflow:Visualizing batch 746 / 1449
INFO:tensorflow:Visualizing batch 747 / 1449
INFO:tensorflow:Visualizing batch 748 / 1449
INFO:tensorflow:Visualizing batch 749 / 1449
INFO:tensorflow:Visualizing batch 750 / 1449
INFO:tensorflow:Visualizing batch 751 / 1449
INFO:tensorflow:Visualizing batch 752 / 1449
INFO:tensorflow:Visualizing batch 753 / 1449
INFO:tensorflow:Visualizing batch 754 / 1449
INFO:tensorflow:Visualizing batch 755 / 1449
INFO:tensorflow:Visualizing batch 756 / 1449
INFO:tensorflow:Visualizing batch 757 / 1449
INFO:tensorflow:Visualizing batch 758 / 1449
INFO:tensorflow:Visualizing batch 759 / 1449
INFO:tensorflow:Visualizing batch 760 / 1449
INFO:tensorflow:Visualizing batch 761 / 1449
INFO:tensorflow:Visualizing batch 762 / 1449
INFO:tensorflow:Visualizing batch 763 / 1449
INFO:tensorflow:Visualizing batch 764 / 1449
INFO:tensorflow:Visualizing batch 765 / 1449
INFO:tensorflow:Visualizing batch 766 / 1449
INFO:tensorflow:Visualizing batch 767 / 1449
INFO:tensorflow:Visualizing batch 768 / 1449
INFO:tensorflow:Visualizing batch 769 / 1449
INFO:tensorflow:Visualizing batch 770 / 1449
INFO:tensorflow:Visualizing batch 771 / 1449
INFO:tensorflow:Visualizing batch 772 / 1449
INFO:tensorflow:Visualizing batch 773 / 1449
INFO:tensorflow:Visualizing batch 774 / 1449
INFO:tensorflow:Visualizing batch 775 / 1449
INFO:tensorflow:Visualizing batch 776 / 1449
INFO:tensorflow:Visualizing batch 777 / 1449
INFO:tensorflow:Visualizing batch 778 / 1449
INFO:tensorflow:Visualizing batch 779 / 1449
INFO:tensorflow:Visualizing batch 780 / 1449
INFO:tensorflow:Visualizing batch 781 / 1449
INFO:tensorflow:Visualizing batch 782 / 1449
INFO:tensorflow:Visualizing batch 783 / 1449
INFO:tensorflow:Visualizing batch 784 / 1449
INFO:tensorflow:Visualizing batch 785 / 1449
INFO:tensorflow:Visualizing batch 786 / 1449
INFO:tensorflow:Visualizing batch 787 / 1449
INFO:tensorflow:Visualizing batch 788 / 1449
INFO:tensorflow:Visualizing batch 789 / 1449
INFO:tensorflow:Visualizing batch 790 / 1449
INFO:tensorflow:Visualizing batch 791 / 1449
INFO:tensorflow:Visualizing batch 792 / 1449
INFO:tensorflow:Visualizing batch 793 / 1449
INFO:tensorflow:Visualizing batch 794 / 1449
INFO:tensorflow:Visualizing batch 795 / 1449
INFO:tensorflow:Visualizing batch 796 / 1449
INFO:tensorflow:Visualizing batch 797 / 1449
INFO:tensorflow:Visualizing batch 798 / 1449
INFO:tensorflow:Visualizing batch 799 / 1449
INFO:tensorflow:Visualizing batch 800 / 1449
INFO:tensorflow:Visualizing batch 801 / 1449
INFO:tensorflow:Visualizing batch 802 / 1449
INFO:tensorflow:Visualizing batch 803 / 1449
INFO:tensorflow:Visualizing batch 804 / 1449
INFO:tensorflow:Visualizing batch 805 / 1449
INFO:tensorflow:Visualizing batch 806 / 1449
INFO:tensorflow:Visualizing batch 807 / 1449
INFO:tensorflow:Visualizing batch 808 / 1449
INFO:tensorflow:Visualizing batch 809 / 1449
INFO:tensorflow:Visualizing batch 810 / 1449
INFO:tensorflow:Visualizing batch 811 / 1449
INFO:tensorflow:Visualizing batch 812 / 1449
INFO:tensorflow:Visualizing batch 813 / 1449
INFO:tensorflow:Visualizing batch 814 / 1449
INFO:tensorflow:Visualizing batch 815 / 1449
INFO:tensorflow:Visualizing batch 816 / 1449
INFO:tensorflow:Visualizing batch 817 / 1449
INFO:tensorflow:Visualizing batch 818 / 1449
INFO:tensorflow:Visualizing batch 819 / 1449
INFO:tensorflow:Visualizing batch 820 / 1449
INFO:tensorflow:Visualizing batch 821 / 1449
INFO:tensorflow:Visualizing batch 822 / 1449
INFO:tensorflow:Visualizing batch 823 / 1449
INFO:tensorflow:Visualizing batch 824 / 1449
INFO:tensorflow:Visualizing batch 825 / 1449
INFO:tensorflow:Visualizing batch 826 / 1449
INFO:tensorflow:Visualizing batch 827 / 1449
INFO:tensorflow:Visualizing batch 828 / 1449
INFO:tensorflow:Visualizing batch 829 / 1449
INFO:tensorflow:Visualizing batch 830 / 1449
INFO:tensorflow:Visualizing batch 831 / 1449
INFO:tensorflow:Visualizing batch 832 / 1449
INFO:tensorflow:Visualizing batch 833 / 1449
INFO:tensorflow:Visualizing batch 834 / 1449
INFO:tensorflow:Visualizing batch 835 / 1449
INFO:tensorflow:Visualizing batch 836 / 1449
INFO:tensorflow:Visualizing batch 837 / 1449
INFO:tensorflow:Visualizing batch 838 / 1449
INFO:tensorflow:Visualizing batch 839 / 1449
INFO:tensorflow:Visualizing batch 840 / 1449
INFO:tensorflow:Visualizing batch 841 / 1449
INFO:tensorflow:Visualizing batch 842 / 1449
INFO:tensorflow:Visualizing batch 843 / 1449
INFO:tensorflow:Visualizing batch 844 / 1449
INFO:tensorflow:Visualizing batch 845 / 1449
INFO:tensorflow:Visualizing batch 846 / 1449
INFO:tensorflow:Visualizing batch 847 / 1449
INFO:tensorflow:Visualizing batch 848 / 1449
INFO:tensorflow:Visualizing batch 849 / 1449
INFO:tensorflow:Visualizing batch 850 / 1449
INFO:tensorflow:Visualizing batch 851 / 1449
INFO:tensorflow:Visualizing batch 852 / 1449
INFO:tensorflow:Visualizing batch 853 / 1449
INFO:tensorflow:Visualizing batch 854 / 1449
INFO:tensorflow:Visualizing batch 855 / 1449
INFO:tensorflow:Visualizing batch 856 / 1449
INFO:tensorflow:Visualizing batch 857 / 1449
INFO:tensorflow:Visualizing batch 858 / 1449
INFO:tensorflow:Visualizing batch 859 / 1449
INFO:tensorflow:Visualizing batch 860 / 1449
INFO:tensorflow:Visualizing batch 861 / 1449
INFO:tensorflow:Visualizing batch 862 / 1449
INFO:tensorflow:Visualizing batch 863 / 1449
INFO:tensorflow:Visualizing batch 864 / 1449
INFO:tensorflow:Visualizing batch 865 / 1449
INFO:tensorflow:Visualizing batch 866 / 1449
INFO:tensorflow:Visualizing batch 867 / 1449
INFO:tensorflow:Visualizing batch 868 / 1449
INFO:tensorflow:Visualizing batch 869 / 1449
INFO:tensorflow:Visualizing batch 870 / 1449
INFO:tensorflow:Visualizing batch 871 / 1449
INFO:tensorflow:Visualizing batch 872 / 1449
INFO:tensorflow:Visualizing batch 873 / 1449
INFO:tensorflow:Visualizing batch 874 / 1449
INFO:tensorflow:Visualizing batch 875 / 1449
INFO:tensorflow:Visualizing batch 876 / 1449
INFO:tensorflow:Visualizing batch 877 / 1449
INFO:tensorflow:Visualizing batch 878 / 1449
INFO:tensorflow:Visualizing batch 879 / 1449
INFO:tensorflow:Visualizing batch 880 / 1449
INFO:tensorflow:Visualizing batch 881 / 1449
INFO:tensorflow:Visualizing batch 882 / 1449
INFO:tensorflow:Visualizing batch 883 / 1449
INFO:tensorflow:Visualizing batch 884 / 1449
INFO:tensorflow:Visualizing batch 885 / 1449
INFO:tensorflow:Visualizing batch 886 / 1449
INFO:tensorflow:Visualizing batch 887 / 1449
INFO:tensorflow:Visualizing batch 888 / 1449
INFO:tensorflow:Visualizing batch 889 / 1449
INFO:tensorflow:Visualizing batch 890 / 1449
INFO:tensorflow:Visualizing batch 891 / 1449
INFO:tensorflow:Visualizing batch 892 / 1449
INFO:tensorflow:Visualizing batch 893 / 1449
INFO:tensorflow:Visualizing batch 894 / 1449
INFO:tensorflow:Visualizing batch 895 / 1449
INFO:tensorflow:Visualizing batch 896 / 1449
INFO:tensorflow:Visualizing batch 897 / 1449
INFO:tensorflow:Visualizing batch 898 / 1449
INFO:tensorflow:Visualizing batch 899 / 1449
INFO:tensorflow:Visualizing batch 900 / 1449
INFO:tensorflow:Visualizing batch 901 / 1449
INFO:tensorflow:Visualizing batch 902 / 1449
INFO:tensorflow:Visualizing batch 903 / 1449
INFO:tensorflow:Visualizing batch 904 / 1449
INFO:tensorflow:Visualizing batch 905 / 1449
INFO:tensorflow:Visualizing batch 906 / 1449
INFO:tensorflow:Visualizing batch 907 / 1449
INFO:tensorflow:Visualizing batch 908 / 1449
INFO:tensorflow:Visualizing batch 909 / 1449
INFO:tensorflow:Visualizing batch 910 / 1449
INFO:tensorflow:Visualizing batch 911 / 1449
INFO:tensorflow:Visualizing batch 912 / 1449
INFO:tensorflow:Visualizing batch 913 / 1449
INFO:tensorflow:Visualizing batch 914 / 1449
INFO:tensorflow:Visualizing batch 915 / 1449
INFO:tensorflow:Visualizing batch 916 / 1449
INFO:tensorflow:Visualizing batch 917 / 1449
INFO:tensorflow:Visualizing batch 918 / 1449
INFO:tensorflow:Visualizing batch 919 / 1449
INFO:tensorflow:Visualizing batch 920 / 1449
INFO:tensorflow:Visualizing batch 921 / 1449
INFO:tensorflow:Visualizing batch 922 / 1449
INFO:tensorflow:Visualizing batch 923 / 1449
INFO:tensorflow:Visualizing batch 924 / 1449
INFO:tensorflow:Visualizing batch 925 / 1449
INFO:tensorflow:Visualizing batch 926 / 1449
INFO:tensorflow:Visualizing batch 927 / 1449
INFO:tensorflow:Visualizing batch 928 / 1449
INFO:tensorflow:Visualizing batch 929 / 1449
INFO:tensorflow:Visualizing batch 930 / 1449
INFO:tensorflow:Visualizing batch 931 / 1449
INFO:tensorflow:Visualizing batch 932 / 1449
INFO:tensorflow:Visualizing batch 933 / 1449
INFO:tensorflow:Visualizing batch 934 / 1449
INFO:tensorflow:Visualizing batch 935 / 1449
INFO:tensorflow:Visualizing batch 936 / 1449
INFO:tensorflow:Visualizing batch 937 / 1449
INFO:tensorflow:Visualizing batch 938 / 1449
INFO:tensorflow:Visualizing batch 939 / 1449
INFO:tensorflow:Visualizing batch 940 / 1449
INFO:tensorflow:Visualizing batch 941 / 1449
INFO:tensorflow:Visualizing batch 942 / 1449
INFO:tensorflow:Visualizing batch 943 / 1449
INFO:tensorflow:Visualizing batch 944 / 1449
INFO:tensorflow:Visualizing batch 945 / 1449
INFO:tensorflow:Visualizing batch 946 / 1449
INFO:tensorflow:Visualizing batch 947 / 1449
INFO:tensorflow:Visualizing batch 948 / 1449
INFO:tensorflow:Visualizing batch 949 / 1449
INFO:tensorflow:Visualizing batch 950 / 1449
INFO:tensorflow:Visualizing batch 951 / 1449
INFO:tensorflow:Visualizing batch 952 / 1449
INFO:tensorflow:Visualizing batch 953 / 1449
INFO:tensorflow:Visualizing batch 954 / 1449
INFO:tensorflow:Visualizing batch 955 / 1449
INFO:tensorflow:Visualizing batch 956 / 1449
INFO:tensorflow:Visualizing batch 957 / 1449
INFO:tensorflow:Visualizing batch 958 / 1449
INFO:tensorflow:Visualizing batch 959 / 1449
INFO:tensorflow:Visualizing batch 960 / 1449
INFO:tensorflow:Visualizing batch 961 / 1449
INFO:tensorflow:Visualizing batch 962 / 1449
INFO:tensorflow:Visualizing batch 963 / 1449
INFO:tensorflow:Visualizing batch 964 / 1449
INFO:tensorflow:Visualizing batch 965 / 1449
INFO:tensorflow:Visualizing batch 966 / 1449
INFO:tensorflow:Visualizing batch 967 / 1449
INFO:tensorflow:Visualizing batch 968 / 1449
INFO:tensorflow:Visualizing batch 969 / 1449
INFO:tensorflow:Visualizing batch 970 / 1449
INFO:tensorflow:Visualizing batch 971 / 1449
INFO:tensorflow:Visualizing batch 972 / 1449
INFO:tensorflow:Visualizing batch 973 / 1449
INFO:tensorflow:Visualizing batch 974 / 1449
INFO:tensorflow:Visualizing batch 975 / 1449
INFO:tensorflow:Visualizing batch 976 / 1449
INFO:tensorflow:Visualizing batch 977 / 1449
INFO:tensorflow:Visualizing batch 978 / 1449
INFO:tensorflow:Visualizing batch 979 / 1449
INFO:tensorflow:Visualizing batch 980 / 1449
INFO:tensorflow:Visualizing batch 981 / 1449
INFO:tensorflow:Visualizing batch 982 / 1449
INFO:tensorflow:Visualizing batch 983 / 1449
INFO:tensorflow:Visualizing batch 984 / 1449
INFO:tensorflow:Visualizing batch 985 / 1449
INFO:tensorflow:Visualizing batch 986 / 1449
INFO:tensorflow:Visualizing batch 987 / 1449
INFO:tensorflow:Visualizing batch 988 / 1449
INFO:tensorflow:Visualizing batch 989 / 1449
INFO:tensorflow:Visualizing batch 990 / 1449
INFO:tensorflow:Visualizing batch 991 / 1449
INFO:tensorflow:Visualizing batch 992 / 1449
INFO:tensorflow:Visualizing batch 993 / 1449
INFO:tensorflow:Visualizing batch 994 / 1449
INFO:tensorflow:Visualizing batch 995 / 1449
INFO:tensorflow:Visualizing batch 996 / 1449
INFO:tensorflow:Visualizing batch 997 / 1449
INFO:tensorflow:Visualizing batch 998 / 1449
INFO:tensorflow:Visualizing batch 999 / 1449
INFO:tensorflow:Visualizing batch 1000 / 1449
INFO:tensorflow:Visualizing batch 1001 / 1449
INFO:tensorflow:Visualizing batch 1002 / 1449
INFO:tensorflow:Visualizing batch 1003 / 1449
INFO:tensorflow:Visualizing batch 1004 / 1449
INFO:tensorflow:Visualizing batch 1005 / 1449
INFO:tensorflow:Visualizing batch 1006 / 1449
INFO:tensorflow:Visualizing batch 1007 / 1449
INFO:tensorflow:Visualizing batch 1008 / 1449
INFO:tensorflow:Visualizing batch 1009 / 1449
INFO:tensorflow:Visualizing batch 1010 / 1449
INFO:tensorflow:Visualizing batch 1011 / 1449
INFO:tensorflow:Visualizing batch 1012 / 1449
INFO:tensorflow:Visualizing batch 1013 / 1449
INFO:tensorflow:Visualizing batch 1014 / 1449
INFO:tensorflow:Visualizing batch 1015 / 1449
INFO:tensorflow:Visualizing batch 1016 / 1449
INFO:tensorflow:Visualizing batch 1017 / 1449
INFO:tensorflow:Visualizing batch 1018 / 1449
INFO:tensorflow:Visualizing batch 1019 / 1449
INFO:tensorflow:Visualizing batch 1020 / 1449
INFO:tensorflow:Visualizing batch 1021 / 1449
INFO:tensorflow:Visualizing batch 1022 / 1449
INFO:tensorflow:Visualizing batch 1023 / 1449
INFO:tensorflow:Visualizing batch 1024 / 1449
INFO:tensorflow:Visualizing batch 1025 / 1449
INFO:tensorflow:Visualizing batch 1026 / 1449
INFO:tensorflow:Visualizing batch 1027 / 1449
INFO:tensorflow:Visualizing batch 1028 / 1449
INFO:tensorflow:Visualizing batch 1029 / 1449
INFO:tensorflow:Visualizing batch 1030 / 1449
INFO:tensorflow:Visualizing batch 1031 / 1449
INFO:tensorflow:Visualizing batch 1032 / 1449
INFO:tensorflow:Visualizing batch 1033 / 1449
INFO:tensorflow:Visualizing batch 1034 / 1449
INFO:tensorflow:Visualizing batch 1035 / 1449
INFO:tensorflow:Visualizing batch 1036 / 1449
INFO:tensorflow:Visualizing batch 1037 / 1449
INFO:tensorflow:Visualizing batch 1038 / 1449
INFO:tensorflow:Visualizing batch 1039 / 1449
INFO:tensorflow:Visualizing batch 1040 / 1449
INFO:tensorflow:Visualizing batch 1041 / 1449
INFO:tensorflow:Visualizing batch 1042 / 1449
INFO:tensorflow:Visualizing batch 1043 / 1449
INFO:tensorflow:Visualizing batch 1044 / 1449
INFO:tensorflow:Visualizing batch 1045 / 1449
INFO:tensorflow:Visualizing batch 1046 / 1449
INFO:tensorflow:Visualizing batch 1047 / 1449
INFO:tensorflow:Visualizing batch 1048 / 1449
INFO:tensorflow:Visualizing batch 1049 / 1449
INFO:tensorflow:Visualizing batch 1050 / 1449
INFO:tensorflow:Visualizing batch 1051 / 1449
INFO:tensorflow:Visualizing batch 1052 / 1449
INFO:tensorflow:Visualizing batch 1053 / 1449
INFO:tensorflow:Visualizing batch 1054 / 1449
INFO:tensorflow:Visualizing batch 1055 / 1449
INFO:tensorflow:Visualizing batch 1056 / 1449
INFO:tensorflow:Visualizing batch 1057 / 1449
INFO:tensorflow:Visualizing batch 1058 / 1449
INFO:tensorflow:Visualizing batch 1059 / 1449
INFO:tensorflow:Visualizing batch 1060 / 1449
INFO:tensorflow:Visualizing batch 1061 / 1449
INFO:tensorflow:Visualizing batch 1062 / 1449
INFO:tensorflow:Visualizing batch 1063 / 1449
INFO:tensorflow:Visualizing batch 1064 / 1449
INFO:tensorflow:Visualizing batch 1065 / 1449
INFO:tensorflow:Visualizing batch 1066 / 1449
INFO:tensorflow:Visualizing batch 1067 / 1449
INFO:tensorflow:Visualizing batch 1068 / 1449
INFO:tensorflow:Visualizing batch 1069 / 1449
INFO:tensorflow:Visualizing batch 1070 / 1449
INFO:tensorflow:Visualizing batch 1071 / 1449
INFO:tensorflow:Visualizing batch 1072 / 1449
INFO:tensorflow:Visualizing batch 1073 / 1449
INFO:tensorflow:Visualizing batch 1074 / 1449
INFO:tensorflow:Visualizing batch 1075 / 1449
INFO:tensorflow:Visualizing batch 1076 / 1449
INFO:tensorflow:Visualizing batch 1077 / 1449
INFO:tensorflow:Visualizing batch 1078 / 1449
INFO:tensorflow:Visualizing batch 1079 / 1449
INFO:tensorflow:Visualizing batch 1080 / 1449
INFO:tensorflow:Visualizing batch 1081 / 1449
INFO:tensorflow:Visualizing batch 1082 / 1449
INFO:tensorflow:Visualizing batch 1083 / 1449
INFO:tensorflow:Visualizing batch 1084 / 1449
INFO:tensorflow:Visualizing batch 1085 / 1449
INFO:tensorflow:Visualizing batch 1086 / 1449
INFO:tensorflow:Visualizing batch 1087 / 1449
INFO:tensorflow:Visualizing batch 1088 / 1449
INFO:tensorflow:Visualizing batch 1089 / 1449
INFO:tensorflow:Visualizing batch 1090 / 1449
INFO:tensorflow:Visualizing batch 1091 / 1449
INFO:tensorflow:Visualizing batch 1092 / 1449
INFO:tensorflow:Visualizing batch 1093 / 1449
INFO:tensorflow:Visualizing batch 1094 / 1449
INFO:tensorflow:Visualizing batch 1095 / 1449
INFO:tensorflow:Visualizing batch 1096 / 1449
INFO:tensorflow:Visualizing batch 1097 / 1449
INFO:tensorflow:Visualizing batch 1098 / 1449
INFO:tensorflow:Visualizing batch 1099 / 1449
INFO:tensorflow:Visualizing batch 1100 / 1449
INFO:tensorflow:Visualizing batch 1101 / 1449
INFO:tensorflow:Visualizing batch 1102 / 1449
INFO:tensorflow:Visualizing batch 1103 / 1449
INFO:tensorflow:Visualizing batch 1104 / 1449
INFO:tensorflow:Visualizing batch 1105 / 1449
INFO:tensorflow:Visualizing batch 1106 / 1449
INFO:tensorflow:Visualizing batch 1107 / 1449
INFO:tensorflow:Visualizing batch 1108 / 1449
INFO:tensorflow:Visualizing batch 1109 / 1449
INFO:tensorflow:Visualizing batch 1110 / 1449
INFO:tensorflow:Visualizing batch 1111 / 1449
INFO:tensorflow:Visualizing batch 1112 / 1449
INFO:tensorflow:Visualizing batch 1113 / 1449
INFO:tensorflow:Visualizing batch 1114 / 1449
INFO:tensorflow:Visualizing batch 1115 / 1449
INFO:tensorflow:Visualizing batch 1116 / 1449
INFO:tensorflow:Visualizing batch 1117 / 1449
INFO:tensorflow:Visualizing batch 1118 / 1449
INFO:tensorflow:Visualizing batch 1119 / 1449
INFO:tensorflow:Visualizing batch 1120 / 1449
INFO:tensorflow:Visualizing batch 1121 / 1449
INFO:tensorflow:Visualizing batch 1122 / 1449
INFO:tensorflow:Visualizing batch 1123 / 1449
INFO:tensorflow:Visualizing batch 1124 / 1449
INFO:tensorflow:Visualizing batch 1125 / 1449
INFO:tensorflow:Visualizing batch 1126 / 1449
INFO:tensorflow:Visualizing batch 1127 / 1449
INFO:tensorflow:Visualizing batch 1128 / 1449
INFO:tensorflow:Visualizing batch 1129 / 1449
INFO:tensorflow:Visualizing batch 1130 / 1449
INFO:tensorflow:Visualizing batch 1131 / 1449
INFO:tensorflow:Visualizing batch 1132 / 1449
INFO:tensorflow:Visualizing batch 1133 / 1449
INFO:tensorflow:Visualizing batch 1134 / 1449
INFO:tensorflow:Visualizing batch 1135 / 1449
INFO:tensorflow:Visualizing batch 1136 / 1449
INFO:tensorflow:Visualizing batch 1137 / 1449
INFO:tensorflow:Visualizing batch 1138 / 1449
INFO:tensorflow:Visualizing batch 1139 / 1449
INFO:tensorflow:Visualizing batch 1140 / 1449
INFO:tensorflow:Visualizing batch 1141 / 1449
INFO:tensorflow:Visualizing batch 1142 / 1449
INFO:tensorflow:Visualizing batch 1143 / 1449
INFO:tensorflow:Visualizing batch 1144 / 1449
INFO:tensorflow:Visualizing batch 1145 / 1449
INFO:tensorflow:Visualizing batch 1146 / 1449
INFO:tensorflow:Visualizing batch 1147 / 1449
INFO:tensorflow:Visualizing batch 1148 / 1449
INFO:tensorflow:Visualizing batch 1149 / 1449
INFO:tensorflow:Visualizing batch 1150 / 1449
INFO:tensorflow:Visualizing batch 1151 / 1449
INFO:tensorflow:Visualizing batch 1152 / 1449
INFO:tensorflow:Visualizing batch 1153 / 1449
INFO:tensorflow:Visualizing batch 1154 / 1449
INFO:tensorflow:Visualizing batch 1155 / 1449
INFO:tensorflow:Visualizing batch 1156 / 1449
INFO:tensorflow:Visualizing batch 1157 / 1449
INFO:tensorflow:Visualizing batch 1158 / 1449
INFO:tensorflow:Visualizing batch 1159 / 1449
INFO:tensorflow:Visualizing batch 1160 / 1449
INFO:tensorflow:Visualizing batch 1161 / 1449
INFO:tensorflow:Visualizing batch 1162 / 1449
INFO:tensorflow:Visualizing batch 1163 / 1449
INFO:tensorflow:Visualizing batch 1164 / 1449
INFO:tensorflow:Visualizing batch 1165 / 1449
INFO:tensorflow:Visualizing batch 1166 / 1449
INFO:tensorflow:Visualizing batch 1167 / 1449
INFO:tensorflow:Visualizing batch 1168 / 1449
INFO:tensorflow:Visualizing batch 1169 / 1449
INFO:tensorflow:Visualizing batch 1170 / 1449
INFO:tensorflow:Visualizing batch 1171 / 1449
INFO:tensorflow:Visualizing batch 1172 / 1449
INFO:tensorflow:Visualizing batch 1173 / 1449
INFO:tensorflow:Visualizing batch 1174 / 1449
INFO:tensorflow:Visualizing batch 1175 / 1449
INFO:tensorflow:Visualizing batch 1176 / 1449
INFO:tensorflow:Visualizing batch 1177 / 1449
INFO:tensorflow:Visualizing batch 1178 / 1449
INFO:tensorflow:Visualizing batch 1179 / 1449
INFO:tensorflow:Visualizing batch 1180 / 1449
INFO:tensorflow:Visualizing batch 1181 / 1449
INFO:tensorflow:Visualizing batch 1182 / 1449
INFO:tensorflow:Visualizing batch 1183 / 1449
INFO:tensorflow:Visualizing batch 1184 / 1449
INFO:tensorflow:Visualizing batch 1185 / 1449
INFO:tensorflow:Visualizing batch 1186 / 1449
INFO:tensorflow:Visualizing batch 1187 / 1449
INFO:tensorflow:Visualizing batch 1188 / 1449
INFO:tensorflow:Visualizing batch 1189 / 1449
INFO:tensorflow:Visualizing batch 1190 / 1449
INFO:tensorflow:Visualizing batch 1191 / 1449
INFO:tensorflow:Visualizing batch 1192 / 1449
INFO:tensorflow:Visualizing batch 1193 / 1449
INFO:tensorflow:Visualizing batch 1194 / 1449
INFO:tensorflow:Visualizing batch 1195 / 1449
INFO:tensorflow:Visualizing batch 1196 / 1449
INFO:tensorflow:Visualizing batch 1197 / 1449
INFO:tensorflow:Visualizing batch 1198 / 1449
INFO:tensorflow:Visualizing batch 1199 / 1449
INFO:tensorflow:Visualizing batch 1200 / 1449
INFO:tensorflow:Visualizing batch 1201 / 1449
INFO:tensorflow:Visualizing batch 1202 / 1449
INFO:tensorflow:Visualizing batch 1203 / 1449
INFO:tensorflow:Visualizing batch 1204 / 1449
INFO:tensorflow:Visualizing batch 1205 / 1449
INFO:tensorflow:Visualizing batch 1206 / 1449
INFO:tensorflow:Visualizing batch 1207 / 1449
INFO:tensorflow:Visualizing batch 1208 / 1449
INFO:tensorflow:Visualizing batch 1209 / 1449
INFO:tensorflow:Visualizing batch 1210 / 1449
INFO:tensorflow:Visualizing batch 1211 / 1449
INFO:tensorflow:Visualizing batch 1212 / 1449
INFO:tensorflow:Visualizing batch 1213 / 1449
INFO:tensorflow:Visualizing batch 1214 / 1449
INFO:tensorflow:Visualizing batch 1215 / 1449
INFO:tensorflow:Visualizing batch 1216 / 1449
INFO:tensorflow:Visualizing batch 1217 / 1449
INFO:tensorflow:Visualizing batch 1218 / 1449
INFO:tensorflow:Visualizing batch 1219 / 1449
INFO:tensorflow:Visualizing batch 1220 / 1449
INFO:tensorflow:Visualizing batch 1221 / 1449
INFO:tensorflow:Visualizing batch 1222 / 1449
INFO:tensorflow:Visualizing batch 1223 / 1449
INFO:tensorflow:Visualizing batch 1224 / 1449
INFO:tensorflow:Visualizing batch 1225 / 1449
INFO:tensorflow:Visualizing batch 1226 / 1449
INFO:tensorflow:Visualizing batch 1227 / 1449
INFO:tensorflow:Visualizing batch 1228 / 1449
INFO:tensorflow:Visualizing batch 1229 / 1449
INFO:tensorflow:Visualizing batch 1230 / 1449
INFO:tensorflow:Visualizing batch 1231 / 1449
INFO:tensorflow:Visualizing batch 1232 / 1449
INFO:tensorflow:Visualizing batch 1233 / 1449
INFO:tensorflow:Visualizing batch 1234 / 1449
INFO:tensorflow:Visualizing batch 1235 / 1449
INFO:tensorflow:Visualizing batch 1236 / 1449
INFO:tensorflow:Visualizing batch 1237 / 1449
INFO:tensorflow:Visualizing batch 1238 / 1449
INFO:tensorflow:Visualizing batch 1239 / 1449
INFO:tensorflow:Visualizing batch 1240 / 1449
INFO:tensorflow:Visualizing batch 1241 / 1449
INFO:tensorflow:Visualizing batch 1242 / 1449
INFO:tensorflow:Visualizing batch 1243 / 1449
INFO:tensorflow:Visualizing batch 1244 / 1449
INFO:tensorflow:Visualizing batch 1245 / 1449
INFO:tensorflow:Visualizing batch 1246 / 1449
INFO:tensorflow:Visualizing batch 1247 / 1449
INFO:tensorflow:Visualizing batch 1248 / 1449
INFO:tensorflow:Visualizing batch 1249 / 1449
INFO:tensorflow:Visualizing batch 1250 / 1449
INFO:tensorflow:Visualizing batch 1251 / 1449
INFO:tensorflow:Visualizing batch 1252 / 1449
INFO:tensorflow:Visualizing batch 1253 / 1449
INFO:tensorflow:Visualizing batch 1254 / 1449
INFO:tensorflow:Visualizing batch 1255 / 1449
INFO:tensorflow:Visualizing batch 1256 / 1449
INFO:tensorflow:Visualizing batch 1257 / 1449
INFO:tensorflow:Visualizing batch 1258 / 1449
INFO:tensorflow:Visualizing batch 1259 / 1449
INFO:tensorflow:Visualizing batch 1260 / 1449
INFO:tensorflow:Visualizing batch 1261 / 1449
INFO:tensorflow:Visualizing batch 1262 / 1449
INFO:tensorflow:Visualizing batch 1263 / 1449
INFO:tensorflow:Visualizing batch 1264 / 1449
INFO:tensorflow:Visualizing batch 1265 / 1449
INFO:tensorflow:Visualizing batch 1266 / 1449
INFO:tensorflow:Visualizing batch 1267 / 1449
INFO:tensorflow:Visualizing batch 1268 / 1449
INFO:tensorflow:Visualizing batch 1269 / 1449
INFO:tensorflow:Visualizing batch 1270 / 1449
INFO:tensorflow:Visualizing batch 1271 / 1449
INFO:tensorflow:Visualizing batch 1272 / 1449
INFO:tensorflow:Visualizing batch 1273 / 1449
INFO:tensorflow:Visualizing batch 1274 / 1449
INFO:tensorflow:Visualizing batch 1275 / 1449
INFO:tensorflow:Visualizing batch 1276 / 1449
INFO:tensorflow:Visualizing batch 1277 / 1449
INFO:tensorflow:Visualizing batch 1278 / 1449
INFO:tensorflow:Visualizing batch 1279 / 1449
INFO:tensorflow:Visualizing batch 1280 / 1449
INFO:tensorflow:Visualizing batch 1281 / 1449
INFO:tensorflow:Visualizing batch 1282 / 1449
INFO:tensorflow:Visualizing batch 1283 / 1449
INFO:tensorflow:Visualizing batch 1284 / 1449
INFO:tensorflow:Visualizing batch 1285 / 1449
INFO:tensorflow:Visualizing batch 1286 / 1449
INFO:tensorflow:Visualizing batch 1287 / 1449
INFO:tensorflow:Visualizing batch 1288 / 1449
INFO:tensorflow:Visualizing batch 1289 / 1449
INFO:tensorflow:Visualizing batch 1290 / 1449
INFO:tensorflow:Visualizing batch 1291 / 1449
INFO:tensorflow:Visualizing batch 1292 / 1449
INFO:tensorflow:Visualizing batch 1293 / 1449
INFO:tensorflow:Visualizing batch 1294 / 1449
INFO:tensorflow:Visualizing batch 1295 / 1449
INFO:tensorflow:Visualizing batch 1296 / 1449
INFO:tensorflow:Visualizing batch 1297 / 1449
INFO:tensorflow:Visualizing batch 1298 / 1449
INFO:tensorflow:Visualizing batch 1299 / 1449
INFO:tensorflow:Visualizing batch 1300 / 1449
INFO:tensorflow:Visualizing batch 1301 / 1449
INFO:tensorflow:Visualizing batch 1302 / 1449
INFO:tensorflow:Visualizing batch 1303 / 1449
INFO:tensorflow:Visualizing batch 1304 / 1449
INFO:tensorflow:Visualizing batch 1305 / 1449
INFO:tensorflow:Visualizing batch 1306 / 1449
INFO:tensorflow:Visualizing batch 1307 / 1449
INFO:tensorflow:Visualizing batch 1308 / 1449
INFO:tensorflow:Visualizing batch 1309 / 1449
INFO:tensorflow:Visualizing batch 1310 / 1449
INFO:tensorflow:Visualizing batch 1311 / 1449
INFO:tensorflow:Visualizing batch 1312 / 1449
INFO:tensorflow:Visualizing batch 1313 / 1449
INFO:tensorflow:Visualizing batch 1314 / 1449
INFO:tensorflow:Visualizing batch 1315 / 1449
INFO:tensorflow:Visualizing batch 1316 / 1449
INFO:tensorflow:Visualizing batch 1317 / 1449
INFO:tensorflow:Visualizing batch 1318 / 1449
INFO:tensorflow:Visualizing batch 1319 / 1449
INFO:tensorflow:Visualizing batch 1320 / 1449
INFO:tensorflow:Visualizing batch 1321 / 1449
INFO:tensorflow:Visualizing batch 1322 / 1449
INFO:tensorflow:Visualizing batch 1323 / 1449
INFO:tensorflow:Visualizing batch 1324 / 1449
INFO:tensorflow:Visualizing batch 1325 / 1449
INFO:tensorflow:Visualizing batch 1326 / 1449
INFO:tensorflow:Visualizing batch 1327 / 1449
INFO:tensorflow:Visualizing batch 1328 / 1449
INFO:tensorflow:Visualizing batch 1329 / 1449
INFO:tensorflow:Visualizing batch 1330 / 1449
INFO:tensorflow:Visualizing batch 1331 / 1449
INFO:tensorflow:Visualizing batch 1332 / 1449
INFO:tensorflow:Visualizing batch 1333 / 1449
INFO:tensorflow:Visualizing batch 1334 / 1449
INFO:tensorflow:Visualizing batch 1335 / 1449
INFO:tensorflow:Visualizing batch 1336 / 1449
INFO:tensorflow:Visualizing batch 1337 / 1449
INFO:tensorflow:Visualizing batch 1338 / 1449
INFO:tensorflow:Visualizing batch 1339 / 1449
INFO:tensorflow:Visualizing batch 1340 / 1449
INFO:tensorflow:Visualizing batch 1341 / 1449
INFO:tensorflow:Visualizing batch 1342 / 1449
INFO:tensorflow:Visualizing batch 1343 / 1449
INFO:tensorflow:Visualizing batch 1344 / 1449
INFO:tensorflow:Visualizing batch 1345 / 1449
INFO:tensorflow:Visualizing batch 1346 / 1449
INFO:tensorflow:Visualizing batch 1347 / 1449
INFO:tensorflow:Visualizing batch 1348 / 1449
INFO:tensorflow:Visualizing batch 1349 / 1449
INFO:tensorflow:Visualizing batch 1350 / 1449
INFO:tensorflow:Visualizing batch 1351 / 1449
INFO:tensorflow:Visualizing batch 1352 / 1449
INFO:tensorflow:Visualizing batch 1353 / 1449
INFO:tensorflow:Visualizing batch 1354 / 1449
INFO:tensorflow:Visualizing batch 1355 / 1449
INFO:tensorflow:Visualizing batch 1356 / 1449
INFO:tensorflow:Visualizing batch 1357 / 1449
INFO:tensorflow:Visualizing batch 1358 / 1449
INFO:tensorflow:Visualizing batch 1359 / 1449
INFO:tensorflow:Visualizing batch 1360 / 1449
INFO:tensorflow:Visualizing batch 1361 / 1449
INFO:tensorflow:Visualizing batch 1362 / 1449
INFO:tensorflow:Visualizing batch 1363 / 1449
INFO:tensorflow:Visualizing batch 1364 / 1449
INFO:tensorflow:Visualizing batch 1365 / 1449
INFO:tensorflow:Visualizing batch 1366 / 1449
INFO:tensorflow:Visualizing batch 1367 / 1449
INFO:tensorflow:Visualizing batch 1368 / 1449
INFO:tensorflow:Visualizing batch 1369 / 1449
INFO:tensorflow:Visualizing batch 1370 / 1449
INFO:tensorflow:Visualizing batch 1371 / 1449
INFO:tensorflow:Visualizing batch 1372 / 1449
INFO:tensorflow:Visualizing batch 1373 / 1449
INFO:tensorflow:Visualizing batch 1374 / 1449
INFO:tensorflow:Visualizing batch 1375 / 1449
INFO:tensorflow:Visualizing batch 1376 / 1449
INFO:tensorflow:Visualizing batch 1377 / 1449
INFO:tensorflow:Visualizing batch 1378 / 1449
INFO:tensorflow:Visualizing batch 1379 / 1449
INFO:tensorflow:Visualizing batch 1380 / 1449
INFO:tensorflow:Visualizing batch 1381 / 1449
INFO:tensorflow:Visualizing batch 1382 / 1449
INFO:tensorflow:Visualizing batch 1383 / 1449
INFO:tensorflow:Visualizing batch 1384 / 1449
INFO:tensorflow:Visualizing batch 1385 / 1449
INFO:tensorflow:Visualizing batch 1386 / 1449
INFO:tensorflow:Visualizing batch 1387 / 1449
INFO:tensorflow:Visualizing batch 1388 / 1449
INFO:tensorflow:Visualizing batch 1389 / 1449
INFO:tensorflow:Visualizing batch 1390 / 1449
INFO:tensorflow:Visualizing batch 1391 / 1449
INFO:tensorflow:Visualizing batch 1392 / 1449
INFO:tensorflow:Visualizing batch 1393 / 1449
INFO:tensorflow:Visualizing batch 1394 / 1449
INFO:tensorflow:Visualizing batch 1395 / 1449
INFO:tensorflow:Visualizing batch 1396 / 1449
INFO:tensorflow:Visualizing batch 1397 / 1449
INFO:tensorflow:Visualizing batch 1398 / 1449
INFO:tensorflow:Visualizing batch 1399 / 1449
INFO:tensorflow:Visualizing batch 1400 / 1449
INFO:tensorflow:Visualizing batch 1401 / 1449
INFO:tensorflow:Visualizing batch 1402 / 1449
INFO:tensorflow:Visualizing batch 1403 / 1449
INFO:tensorflow:Visualizing batch 1404 / 1449
INFO:tensorflow:Visualizing batch 1405 / 1449
INFO:tensorflow:Visualizing batch 1406 / 1449
INFO:tensorflow:Visualizing batch 1407 / 1449
INFO:tensorflow:Visualizing batch 1408 / 1449
INFO:tensorflow:Visualizing batch 1409 / 1449
INFO:tensorflow:Visualizing batch 1410 / 1449
INFO:tensorflow:Visualizing batch 1411 / 1449
INFO:tensorflow:Visualizing batch 1412 / 1449
INFO:tensorflow:Visualizing batch 1413 / 1449
INFO:tensorflow:Visualizing batch 1414 / 1449
INFO:tensorflow:Visualizing batch 1415 / 1449
INFO:tensorflow:Visualizing batch 1416 / 1449
INFO:tensorflow:Visualizing batch 1417 / 1449
INFO:tensorflow:Visualizing batch 1418 / 1449
INFO:tensorflow:Visualizing batch 1419 / 1449
INFO:tensorflow:Visualizing batch 1420 / 1449
INFO:tensorflow:Visualizing batch 1421 / 1449
INFO:tensorflow:Visualizing batch 1422 / 1449
INFO:tensorflow:Visualizing batch 1423 / 1449
INFO:tensorflow:Visualizing batch 1424 / 1449
INFO:tensorflow:Visualizing batch 1425 / 1449
INFO:tensorflow:Visualizing batch 1426 / 1449
INFO:tensorflow:Visualizing batch 1427 / 1449
INFO:tensorflow:Visualizing batch 1428 / 1449
INFO:tensorflow:Visualizing batch 1429 / 1449
INFO:tensorflow:Visualizing batch 1430 / 1449
INFO:tensorflow:Visualizing batch 1431 / 1449
INFO:tensorflow:Visualizing batch 1432 / 1449
INFO:tensorflow:Visualizing batch 1433 / 1449
INFO:tensorflow:Visualizing batch 1434 / 1449
INFO:tensorflow:Visualizing batch 1435 / 1449
INFO:tensorflow:Visualizing batch 1436 / 1449
INFO:tensorflow:Visualizing batch 1437 / 1449
INFO:tensorflow:Visualizing batch 1438 / 1449
INFO:tensorflow:Visualizing batch 1439 / 1449
INFO:tensorflow:Visualizing batch 1440 / 1449
INFO:tensorflow:Visualizing batch 1441 / 1449
INFO:tensorflow:Visualizing batch 1442 / 1449
INFO:tensorflow:Visualizing batch 1443 / 1449
INFO:tensorflow:Visualizing batch 1444 / 1449
INFO:tensorflow:Visualizing batch 1445 / 1449
INFO:tensorflow:Visualizing batch 1446 / 1449
INFO:tensorflow:Visualizing batch 1447 / 1449
INFO:tensorflow:Visualizing batch 1448 / 1449
INFO:tensorflow:Visualizing batch 1449 / 1449
INFO:tensorflow:Finished visualization at 2018-07-17-19:42:05
/usr/local/miniconda/lib/python3.6/site-packages/h5py/__init__.py:36: FutureWarning: Conversion of the second argument of issubdtype from `float` to `np.floating` is deprecated. In future, it will be treated as `np.float64 == np.dtype(float).type`.
  from ._conv import register_converters as _register_converters
INFO:tensorflow:Prepare to export model to: /users/thesepizenberg/jdesverg/DeepLab/models/research/deeplab/datasets/pascal_voc_seg/exp/train_on_trainval_set/export/frozen_inference_graph.pb
INFO:tensorflow:Exported model performs single-scale inference.
2018-07-17 19:42:18.292970: I tensorflow/core/platform/cpu_feature_guard.cc:137] Your CPU supports instructions that this TensorFlow binary was not compiled to use: SSE4.1 SSE4.2 AVX AVX2 FMA
INFO:tensorflow:Restoring parameters from /users/thesepizenberg/jdesverg/DeepLab/models/research/deeplab/datasets/pascal_voc_seg/exp/train_on_trainval_set/train/model.ckpt-500
INFO:tensorflow:Froze 732 variables.
